<?xml version="1.0" encoding="utf-8"?>
<TestRun id="f145af46-cd2d-4b84-a41f-dccef3153ca7" name="@97d806bf104e 2026-05-01 01:55:12" xmlns="http://microsoft.com/schemas/VisualStudio/TeamTest/2010">
  <Times creation="2026-05-01T01:55:12.5104861+00:00" queuing="2026-05-01T01:55:12.5104862+00:00" start="2026-05-01T01:54:34.0178925+00:00" finish="2026-05-01T02:14:18.4723053+00:00" />
  <TestSettings name="default" id="4bfef916-a32d-4b99-9b29-4eaed3c65330">
    <Deployment runDeploymentRoot="_97d806bf104e_2026-05-01_01_55_12" />
  </TestSettings>
  <Results>
    <UnitTestResult executionId="4b548de4-3c2a-4388-b1d4-2d742da23096" testId="8f374017-cb00-9599-bd3e-bfe881eadcbe" testName="SlowTests.Corax.RavenDB_26091_MultiSorting.CanChangeOrderOfTheNullsWhenMultiFieldSortingInt(options:  DatabaseMode = Single , SearchEngineMode = Corax, nullFirst: False, isAutoIndex: False, isAscending: False, fieldFirst: False)" computerName="97d806bf104e" duration="00:00:00.4120528" startTime="2026-05-01T02:12:56.5194590+00:00" endTime="2026-05-01T02:12:56.9315309+00:00" testType="13cdc9d9-ddb5-4fa4-a97d-d965ccfc6d4b" outcome="Passed" testListId="8c84fa94-04c1-424b-9868-57a2d4851a1d" relativeResultsDirectory="4b548de4-3c2a-4388-b1d4-2d742da23096" />
    <UnitTestResult executionId="123bbf88-84ee-403b-8774-dce73806b930" testId="8f374017-cb00-9599-bd3e-bfe881eadcbe" testName="SlowTests.Corax.RavenDB_26091_MultiSorting.CanChangeOrderOfTheNullsWhenMultiFieldSortingInt(options:  DatabaseMode = Single , SearchEngineMode = Corax, nullFirst: True, isAutoIndex: True, isAscending: True, fieldFirst: True)" computerName="97d806bf104e" duration="00:00:00.3103608" startTime="2026-05-01T02:12:27.9877433+00:00" endTime="2026-05-01T02:12:28.2981291+00:00" testType="13cdc9d9-ddb5-4fa4-a97d-d965ccfc6d4b" outcome="Passed" testListId="8c84fa94-04c1-424b-9868-57a2d4851a1d" relativeResultsDirectory="123bbf88-84ee-403b-8774-dce73806b930" />
    <UnitTestResult executionId="086a8981-0447-466e-bf68-d6e5ba4f4b52" testId="f22cca9c-3163-2a45-6bfc-c4530587a8f0" testName="SlowTests.Corax.IndexSearcherTestExtended.AndInStatementWithLowercaseAnalyzer(setSize: 100000, stackSize: 128)" computerName="97d806bf104e" duration="00:00:03.0250353" startTime="2026-05-01T01:59:21.0396558+00:00" endTime="2026-05-01T01:59:24.0647733+00:00" testType="13cdc9d9-ddb5-4fa4-a97d-d965ccfc6d4b" outcome="Passed" testListId="8c84fa94-04c1-424b-9868-57a2d4851a1d" relativeResultsDirectory="086a8981-0447-466e-bf68-d6e5ba4f4b52" />
    <UnitTestResult executionId="a8fc9a79-5021-436c-8f34-4148c527c3be" testId="c865cf54-f819-2446-68d8-9d2fb124d226" testName="SlowTests.Voron.Graphs.HnswSearch.CanReturnAllOfVector(seed: 2123942818)" computerName="97d806bf104e" duration="00:00:01.4152989" startTime="2026-05-01T02:00:12.0063675+00:00" endTime="2026-05-01T02:00:13.4217180+00:00" testType="13cdc9d9-ddb5-4fa4-a97d-d965ccfc6d4b" outcome="Passed" testListId="8c84fa94-04c1-424b-9868-57a2d4851a1d" relativeResultsDirectory="a8fc9a79-5021-436c-8f34-4148c527c3be" />
    <UnitTestResult executionId="913ac032-b17f-4829-983b-3f088a295bf3" testId="ac676d5f-48ef-f56a-5e74-df0d87347603" testName="SlowTests.Corax.RavenDB_26091_MultiSorting.CanChangeOrderOfTheNullsWhenMultiFieldSortingAlphaNumeric(options:  DatabaseMode = Single , SearchEngineMode = Corax, nullFirst: True, isAutoIndex: True, isAscending: False, fieldFirst: False)" computerName="97d806bf104e" duration="00:00:00.3706471" startTime="2026-05-01T02:13:42.1374038+00:00" endTime="2026-05-01T02:13:42.5080679+00:00" testType="13cdc9d9-ddb5-4fa4-a97d-d965ccfc6d4b" outcome="Passed" testListId="8c84fa94-04c1-424b-9868-57a2d4851a1d" relativeResultsDirectory="913ac032-b17f-4829-983b-3f088a295bf3" />
    <UnitTestResult executionId="5514c8f2-faae-4193-9f40-0a2ada6d3294" testId="2aa55eee-a627-e105-4619-7e7e0aecfe1a" testName="SlowTests.Corax.RavenDB_20923.SortingBigSetReturnsCorrectOrder" computerName="97d806bf104e" duration="00:00:14.1418519" startTime="2026-05-01T02:03:14.0509929+00:00" endTime="2026-05-01T02:03:28.1929005+00:00" testType="13cdc9d9-ddb5-4fa4-a97d-d965ccfc6d4b" outcome="Passed" testListId="8c84fa94-04c1-424b-9868-57a2d4851a1d" relativeResultsDirectory="5514c8f2-faae-4193-9f40-0a2ada6d3294" />
    <UnitTestResult executionId="a86ae2fc-a5e6-4d51-93fc-d6cc0ed2c91f" testId="aac794b5-ac4d-b927-1f11-c881079e7364" testName="SlowTests.Corax.RavenDB_24132.CanGetVectorsFromIndex" computerName="97d806bf104e" duration="00:00:05.8947978" startTime="2026-05-01T02:10:28.3352332+00:00" endTime="2026-05-01T02:10:34.2300526+00:00" testType="13cdc9d9-ddb5-4fa4-a97d-d965ccfc6d4b" outcome="Passed" testListId="8c84fa94-04c1-424b-9868-57a2d4851a1d" relativeResultsDirectory="a86ae2fc-a5e6-4d51-93fc-d6cc0ed2c91f" />
    <UnitTestResult executionId="b9be1c0f-412b-4740-bae2-c3f3706f57ed" testId="ac676d5f-48ef-f56a-5e74-df0d87347603" testName="SlowTests.Corax.RavenDB_26091_MultiSorting.CanChangeOrderOfTheNullsWhenMultiFieldSortingAlphaNumeric(options:  DatabaseMode = Sharded , SearchEngineMode = Corax, nullFirst: True, isAutoIndex: False, isAscending: True, fieldFirst: False)" computerName="97d806bf104e" duration="00:00:02.3956890" startTime="2026-05-01T02:13:47.9692111+00:00" endTime="2026-05-01T02:13:50.3649166+00:00" testType="13cdc9d9-ddb5-4fa4-a97d-d965ccfc6d4b" outcome="Passed" testListId="8c84fa94-04c1-424b-9868-57a2d4851a1d" relativeResultsDirectory="b9be1c0f-412b-4740-bae2-c3f3706f57ed" />
    <UnitTestResult executionId="9031667f-40df-4914-9a3a-3baacad53b91" testId="dd4b1faa-b894-b524-cf07-57cf0bc65a80" testName="SlowTests.Corax.RavenDB_26091.CanChangeOrderOfTheNullsWhenSortingInt(options:  DatabaseMode = Sharded , SearchEngineMode = Corax, nullFirst: True, isAutoIndex: False, isAscending: False, forceSortUsingIndex: False)" computerName="97d806bf104e" duration="00:00:01.5655622" startTime="2026-05-01T02:00:12.1241853+00:00" endTime="2026-05-01T02:00:13.6897651+00:00" testType="13cdc9d9-ddb5-4fa4-a97d-d965ccfc6d4b" outcome="Passed" testListId="8c84fa94-04c1-424b-9868-57a2d4851a1d" relativeResultsDirectory="9031667f-40df-4914-9a3a-3baacad53b91" />
    <UnitTestResult executionId="7f9a6e1a-2a90-4038-9b8e-7eee6ee2ce10" testId="2017fdaa-1479-ee5a-b0e5-237572f68690" testName="SlowTests.Corax.RavenDB_26091_MultiSorting.CanChangeOrderOfTheNullsWhenMultiFieldSortingString(options:  DatabaseMode = Single , SearchEngineMode = Corax, nullFirst: False, isAutoIndex: True, isAscending: True, fieldFirst: True)" computerName="97d806bf104e" duration="00:00:00.3656425" startTime="2026-05-01T02:11:48.2863100+00:00" endTime="2026-05-01T02:11:48.6519688+00:00" testType="13cdc9d9-ddb5-4fa4-a97d-d965ccfc6d4b" outcome="Passed" testListId="8c84fa94-04c1-424b-9868-57a2d4851a1d" relativeResultsDirectory="7f9a6e1a-2a90-4038-9b8e-7eee6ee2ce10" />
    <UnitTestResult executionId="ed4bfbf4-70f8-4e5d-a649-be4c37127cf2" testId="566d9522-27ef-62a1-f877-76c2bbdccc24" testName="SlowTests.Corax.RavenDB_23453_Integration.TestAndGenerateRandomQueryVectors(disableScanning: True, isExact: False, seed: 558991108)" computerName="97d806bf104e" duration="00:00:27.1405316" startTime="2026-05-01T02:06:35.6710243+00:00" endTime="2026-05-01T02:07:02.8115843+00:00" testType="13cdc9d9-ddb5-4fa4-a97d-d965ccfc6d4b" outcome="Passed" testListId="8c84fa94-04c1-424b-9868-57a2d4851a1d" relativeResultsDirectory="ed4bfbf4-70f8-4e5d-a649-be4c37127cf2" />
    <UnitTestResult executionId="4857d6f3-4720-412f-a364-8a9f04d5159e" testId="0f3d396c-74e9-bb5b-d318-bf8fb461c9e3" testName="SlowTests.Corax.RavenDB_26091.CanChangeOrderOfTheNullsWhenStreamingSortingString(options:  DatabaseMode = Sharded , SearchEngineMode = Corax, nullFirst: True, isAutoIndex: False, isAscending: False)" computerName="97d806bf104e" duration="00:00:03.8711992" startTime="2026-05-01T02:00:41.2303845+00:00" endTime="2026-05-01T02:00:45.1016240+00:00" testType="13cdc9d9-ddb5-4fa4-a97d-d965ccfc6d4b" outcome="Passed" testListId="8c84fa94-04c1-424b-9868-57a2d4851a1d" relativeResultsDirectory="4857d6f3-4720-412f-a364-8a9f04d5159e" />
    <UnitTestResult executionId="80dde771-f1f6-4d18-b70b-44114089799e" testId="2017fdaa-1479-ee5a-b0e5-237572f68690" testName="SlowTests.Corax.RavenDB_26091_MultiSorting.CanChangeOrderOfTheNullsWhenMultiFieldSortingString(options:  DatabaseMode = Single , SearchEngineMode = Corax, nullFirst: False, isAutoIndex: True, isAscending: False, fieldFirst: True)" computerName="97d806bf104e" duration="00:00:00.5829682" startTime="2026-05-01T02:11:54.2381494+00:00" endTime="2026-05-01T02:11:54.8211367+00:00" testType="13cdc9d9-ddb5-4fa4-a97d-d965ccfc6d4b" outcome="Passed" testListId="8c84fa94-04c1-424b-9868-57a2d4851a1d" relativeResultsDirectory="80dde771-f1f6-4d18-b70b-44114089799e" />
    <UnitTestResult executionId="699427c7-c7fb-4b81-9910-7db33994baec" testId="88093d5e-6e72-3bbf-8293-cdc5a8f84818" testName="SlowTests.Corax.RavenDB_26091.CanChangeOrderOfTheNullsWhenStreamingSortingDouble(options:  DatabaseMode = Sharded , SearchEngineMode = Corax, nullFirst: False, isAutoIndex: False, isAscending: False)" computerName="97d806bf104e" duration="00:00:03.4647904" startTime="2026-05-01T01:56:09.6481750+00:00" endTime="2026-05-01T01:56:13.1130026+00:00" testType="13cdc9d9-ddb5-4fa4-a97d-d965ccfc6d4b" outcome="Passed" testListId="8c84fa94-04c1-424b-9868-57a2d4851a1d" relativeResultsDirectory="699427c7-c7fb-4b81-9910-7db33994baec" />
    <UnitTestResult executionId="d9f13fef-23f3-4f6a-9a27-3597faca51c8" testId="4f6b06ca-2671-fc5f-0251-16fd3b0fb93f" testName="SlowTests.Corax.RavenDB_26091_MultiSorting.CanChangeOrderOfTheNullsWhenMultiFieldSortingSpatial(options:  DatabaseMode = Sharded , SearchEngineMode = Corax, nullFirst: False, isAutoIndex: False, isAscending: False, fieldFirst: False)" computerName="97d806bf104e" duration="00:00:00.8796396" startTime="2026-05-01T02:12:27.1052587+00:00" endTime="2026-05-01T02:12:27.9849139+00:00" testType="13cdc9d9-ddb5-4fa4-a97d-d965ccfc6d4b" outcome="Passed" testListId="8c84fa94-04c1-424b-9868-57a2d4851a1d" relativeResultsDirectory="d9f13fef-23f3-4f6a-9a27-3597faca51c8" />
    <UnitTestResult executionId="bc452a2b-8b3d-409c-89be-d40d1876c44c" testId="6778cd02-fb89-fc36-3df4-feb3794027eb" testName="SlowTests.Voron.PostingListTests.CanDeleteLargeNumberOfItemsFromStart" computerName="97d806bf104e" duration="00:00:02.5368475" startTime="2026-05-01T02:03:11.5094960+00:00" endTime="2026-05-01T02:03:14.0463831+00:00" testType="13cdc9d9-ddb5-4fa4-a97d-d965ccfc6d4b" outcome="Passed" testListId="8c84fa94-04c1-424b-9868-57a2d4851a1d" relativeResultsDirectory="bc452a2b-8b3d-409c-89be-d40d1876c44c" />
    <UnitTestResult executionId="fbb2990e-c2b3-4548-80b9-d13943fdfdbf" testId="93a1a966-8ae6-ef59-7da2-1af2730c4980" testName="SlowTests.Corax.RavenDB_26091.CanChangeOrderOfTheNullsWhenSortingSpatial(options:  DatabaseMode = Sharded , SearchEngineMode = Corax, nullFirst: True, isAutoIndex: False, isAscending: True)" computerName="97d806bf104e" duration="00:00:04.7779157" startTime="2026-05-01T01:56:33.1140482+00:00" endTime="2026-05-01T01:56:37.8919953+00:00" testType="13cdc9d9-ddb5-4fa4-a97d-d965ccfc6d4b" outcome="Passed" testListId="8c84fa94-04c1-424b-9868-57a2d4851a1d" relativeResultsDirectory="fbb2990e-c2b3-4548-80b9-d13943fdfdbf" />
    <UnitTestResult executionId="98b3ec3d-257d-4f4b-b513-979b36d68bb9" testId="3e0e2e2a-3fd5-470e-9a07-6d8c3f7f778f" testName="SlowTests.Corax.IndexSearcherTestExtended.AndInStatementAndWhitespaceTokenizer(setSize: 11700, stackSize: 18)" computerName="97d806bf104e" duration="00:00:00.4441690" startTime="2026-05-01T02:00:04.0876635+00:00" endTime="2026-05-01T02:00:04.6180739+00:00" testType="13cdc9d9-ddb5-4fa4-a97d-d965ccfc6d4b" outcome="Passed" testListId="8c84fa94-04c1-424b-9868-57a2d4851a1d" relativeResultsDirectory="98b3ec3d-257d-4f4b-b513-979b36d68bb9" />
    <UnitTestResult executionId="c81e656d-b7e2-4dc1-9f99-9e52e74d9eaf" testId="8f374017-cb00-9599-bd3e-bfe881eadcbe" testName="SlowTests.Corax.RavenDB_26091_MultiSorting.CanChangeOrderOfTheNullsWhenMultiFieldSortingInt(options:  DatabaseMode = Sharded , SearchEngineMode = Corax, nullFirst: True, isAutoIndex: False, isAscending: False, fieldFirst: False)" computerName="97d806bf104e" duration="00:00:01.0044476" startTime="2026-05-01T02:12:41.1717062+00:00" endTime="2026-05-01T02:12:42.1761759+00:00" testType="13cdc9d9-ddb5-4fa4-a97d-d965ccfc6d4b" outcome="Passed" testListId="8c84fa94-04c1-424b-9868-57a2d4851a1d" relativeResultsDirectory="c81e656d-b7e2-4dc1-9f99-9e52e74d9eaf" />
    <UnitTestResult executionId="8b3e6b60-744c-4595-b492-81dc3d020c66" testId="566d9522-27ef-62a1-f877-76c2bbdccc24" testName="SlowTests.Corax.RavenDB_23453_Integration.TestAndGenerateRandomQueryVectors(disableScanning: False, isExact: False, seed: 655307099)" computerName="97d806bf104e" duration="00:00:34.7119420" startTime="2026-05-01T02:07:37.3484313+00:00" endTime="2026-05-01T02:08:12.0604007+00:00" testType="13cdc9d9-ddb5-4fa4-a97d-d965ccfc6d4b" outcome="Passed" testListId="8c84fa94-04c1-424b-9868-57a2d4851a1d" relativeResultsDirectory="8b3e6b60-744c-4595-b492-81dc3d020c66" />
    <UnitTestResult executionId="6c994b98-f763-4560-9c06-27f1170e82a0" testId="dd4b1faa-b894-b524-cf07-57cf0bc65a80" testName="SlowTests.Corax.RavenDB_26091.CanChangeOrderOfTheNullsWhenSortingInt(options:  DatabaseMode = Sharded , SearchEngineMode = Corax, nullFirst: True, isAutoIndex: True, isAscending: True, forceSortUsingIndex: False)" computerName="97d806bf104e" duration="00:00:01.9874716" startTime="2026-05-01T02:00:03.0276007+00:00" endTime="2026-05-01T02:00:05.0150911+00:00" testType="13cdc9d9-ddb5-4fa4-a97d-d965ccfc6d4b" outcome="Passed" testListId="8c84fa94-04c1-424b-9868-57a2d4851a1d" relativeResultsDirectory="6c994b98-f763-4560-9c06-27f1170e82a0" />
    <UnitTestResult executionId="34e4645a-c2c9-40e5-984c-30fb316a2317" testId="af4338fb-91c4-eb9f-b903-f267015d760c" testName="SlowTests.Corax.RavenDB_26091.CanChangeOrderOfTheNullsWhenSortingString(options:  DatabaseMode = Single , SearchEngineMode = Corax, nullFirst: False, isAutoIndex: True, isAscending: False, forceSortUsingIndex: False)" computerName="97d806bf104e" duration="00:00:01.9790267" startTime="2026-05-01T01:57:34.7789563+00:00" endTime="2026-05-01T01:57:36.7583923+00:00" testType="13cdc9d9-ddb5-4fa4-a97d-d965ccfc6d4b" outcome="Failed" testListId="8c84fa94-04c1-424b-9868-57a2d4851a1d" relativeResultsDirectory="34e4645a-c2c9-40e5-984c-30fb316a2317">
      <Output>
        <ErrorInfo>
          <Message>Assert.Equal() Failure: Strings differ
           ↓ (pos 0)
Expected: "MultiTermMatch"
Actual:   "CompiledQueryMatch"
           ↑ (pos 0)</Message>
          <StackTrace>   at SlowTests.Corax.RavenDB_26091.CanChangeOrderOfTheNullsWhenSortingString(Options options, Boolean nullFirst, Boolean isAutoIndex, Boolean isAscending, Boolean forceSortUsingIndex) in /work/ravendb/RavenDB-25281/test/SlowTests/Corax/RavenDB-26091.cs:line 59
--- End of stack trace from previous location ---</StackTrace>
        </ErrorInfo>
      </Output>
    </UnitTestResult>
    <UnitTestResult executionId="9ee1e9db-05af-4b83-a83e-b2cff9374937" testId="566d9522-27ef-62a1-f877-76c2bbdccc24" testName="SlowTests.Corax.RavenDB_23453_Integration.TestAndGenerateRandomQueryVectors(disableScanning: False, isExact: True, seed: 1777206918)" computerName="97d806bf104e" duration="00:00:16.0173215" startTime="2026-05-01T02:08:12.0604133+00:00" endTime="2026-05-01T02:08:28.1699090+00:00" testType="13cdc9d9-ddb5-4fa4-a97d-d965ccfc6d4b" outcome="Passed" testListId="8c84fa94-04c1-424b-9868-57a2d4851a1d" relativeResultsDirectory="9ee1e9db-05af-4b83-a83e-b2cff9374937" />
    <UnitTestResult executionId="511ec0c9-1d47-40fc-b530-f68e42805a46" testId="dd4b1faa-b894-b524-cf07-57cf0bc65a80" testName="SlowTests.Corax.RavenDB_26091.CanChangeOrderOfTheNullsWhenSortingInt(options:  DatabaseMode = Single , SearchEngineMode = Corax, nullFirst: True, isAutoIndex: True, isAscending: True, forceSortUsingIndex: False)" computerName="97d806bf104e" duration="00:00:00.7562923" startTime="2026-05-01T02:00:02.2709767+00:00" endTime="2026-05-01T02:00:03.0275741+00:00" testType="13cdc9d9-ddb5-4fa4-a97d-d965ccfc6d4b" outcome="Failed" testListId="8c84fa94-04c1-424b-9868-57a2d4851a1d" relativeResultsDirectory="511ec0c9-1d47-40fc-b530-f68e42805a46">
      <Output>
        <ErrorInfo>
          <Message>Assert.Equal() Failure: Strings differ
           ↓ (pos 0)
Expected: "MultiTermMatch"
Actual:   "CompiledQueryMatch"
           ↑ (pos 0)</Message>
          <StackTrace>   at SlowTests.Corax.RavenDB_26091.CanChangeOrderOfTheNullsWhenSortingInt(Options options, Boolean nullFirst, Boolean isAutoIndex, Boolean isAscending, Boolean forceSortUsingIndex) in /work/ravendb/RavenDB-25281/test/SlowTests/Corax/RavenDB-26091.cs:line 148
--- End of stack trace from previous location ---</StackTrace>
        </ErrorInfo>
      </Output>
    </UnitTestResult>
    <UnitTestResult executionId="39332340-4d2c-46c6-8b4a-6f60c62b46b8" testId="c098c3cf-e29a-9357-29db-acde9b307b5b" testName="SlowTests.Corax.IndexSearcherTestExtended.AndInStatement(setSize: 11859, stackSize: 18)" computerName="97d806bf104e" duration="00:00:00.5127017" startTime="2026-05-01T02:00:09.4190424+00:00" endTime="2026-05-01T02:00:09.9317911+00:00" testType="13cdc9d9-ddb5-4fa4-a97d-d965ccfc6d4b" outcome="Passed" testListId="8c84fa94-04c1-424b-9868-57a2d4851a1d" relativeResultsDirectory="39332340-4d2c-46c6-8b4a-6f60c62b46b8" />
    <UnitTestResult executionId="d028bbec-bae6-4c59-a958-cd76284cdf22" testId="dd4b1faa-b894-b524-cf07-57cf0bc65a80" testName="SlowTests.Corax.RavenDB_26091.CanChangeOrderOfTheNullsWhenSortingInt(options:  DatabaseMode = Single , SearchEngineMode = Corax, nullFirst: False, isAutoIndex: False, isAscending: True, forceSortUsingIndex: True)" computerName="97d806bf104e" duration="00:00:00.5871136" startTime="2026-05-01T02:00:18.7726563+00:00" endTime="2026-05-01T02:00:19.3600777+00:00" testType="13cdc9d9-ddb5-4fa4-a97d-d965ccfc6d4b" outcome="Failed" testListId="8c84fa94-04c1-424b-9868-57a2d4851a1d" relativeResultsDirectory="d028bbec-bae6-4c59-a958-cd76284cdf22">
      <Output>
        <ErrorInfo>
          <Message>Assert.Equal() Failure: Strings differ
           ↓ (pos 0)
Expected: "MultiTermMatch"
Actual:   "CompiledQueryMatch"
           ↑ (pos 0)</Message>
          <StackTrace>   at SlowTests.Corax.RavenDB_26091.CanChangeOrderOfTheNullsWhenSortingInt(Options options, Boolean nullFirst, Boolean isAutoIndex, Boolean isAscending, Boolean forceSortUsingIndex) in /work/ravendb/RavenDB-25281/test/SlowTests/Corax/RavenDB-26091.cs:line 148
--- End of stack trace from previous location ---</StackTrace>
        </ErrorInfo>
      </Output>
    </UnitTestResult>
    <UnitTestResult executionId="877c2037-7bd6-4c18-989a-d3a4ee07de80" testId="2c2c15d3-30b4-5745-1e04-21fd9dd258ec" testName="SlowTests.Corax.RavenDB_22999.CaseInsensitiveStringComparisonTest(options:  DatabaseMode = Single , SearchEngineMode = Lucene)" computerName="97d806bf104e" duration="00:00:01.1636500" startTime="2026-05-01T02:01:14.5626280+00:00" endTime="2026-05-01T02:01:15.7262968+00:00" testType="13cdc9d9-ddb5-4fa4-a97d-d965ccfc6d4b" outcome="Passed" testListId="8c84fa94-04c1-424b-9868-57a2d4851a1d" relativeResultsDirectory="877c2037-7bd6-4c18-989a-d3a4ee07de80" />
    <UnitTestResult executionId="f45c56fc-92a4-4063-aad7-5b7ab93936ed" testId="c3559fc9-65a5-cb54-e08b-14ef0d1b36ec" testName="SlowTests.Corax.RavenDB_26091_MultiSorting.CanChangeOrderOfTheNullsWhenMultiFieldSortingDouble(options:  DatabaseMode = Single , SearchEngineMode = Corax, nullFirst: False, isAutoIndex: False, isAscending: False, fieldFirst: True)" computerName="97d806bf104e" duration="00:00:00.5151960" startTime="2026-05-01T02:13:31.5505011+00:00" endTime="2026-05-01T02:13:32.0657174+00:00" testType="13cdc9d9-ddb5-4fa4-a97d-d965ccfc6d4b" outcome="Passed" testListId="8c84fa94-04c1-424b-9868-57a2d4851a1d" relativeResultsDirectory="f45c56fc-92a4-4063-aad7-5b7ab93936ed" />
    <UnitTestResult executionId="d14ac25d-106e-456c-a121-f6cd1f9d451b" testId="0f3d396c-74e9-bb5b-d318-bf8fb461c9e3" testName="SlowTests.Corax.RavenDB_26091.CanChangeOrderOfTheNullsWhenStreamingSortingString(options:  DatabaseMode = Sharded , SearchEngineMode = Corax, nullFirst: False, isAutoIndex: True, isAscending: False)" computerName="97d806bf104e" duration="00:00:04.7502210" startTime="2026-05-01T02:00:49.0617025+00:00" endTime="2026-05-01T02:00:53.8119441+00:00" testType="13cdc9d9-ddb5-4fa4-a97d-d965ccfc6d4b" outcome="Passed" testListId="8c84fa94-04c1-424b-9868-57a2d4851a1d" relativeResultsDirectory="d14ac25d-106e-456c-a121-f6cd1f9d451b" />
    <UnitTestResult executionId="ab638ac2-0eb3-443e-8e97-456371b8f340" testId="88093d5e-6e72-3bbf-8293-cdc5a8f84818" testName="SlowTests.Corax.RavenDB_26091.CanChangeOrderOfTheNullsWhenStreamingSortingDouble(options:  DatabaseMode = Single , SearchEngineMode = Corax, nullFirst: False, isAutoIndex: False, isAscending: True)" computerName="97d806bf104e" duration="00:00:01.1262550" startTime="2026-05-01T01:56:02.8119947+00:00" endTime="2026-05-01T01:56:03.9389650+00:00" testType="13cdc9d9-ddb5-4fa4-a97d-d965ccfc6d4b" outcome="Failed" testListId="8c84fa94-04c1-424b-9868-57a2d4851a1d" relativeResultsDirectory="ab638ac2-0eb3-443e-8e97-456371b8f340">
      <Output>
        <ErrorInfo>
          <Message>Assert.NotEqual() Failure: Strings are equal
Expected: Not "SortingMatch"
Actual:       "SortingMatch"</Message>
          <StackTrace>   at SlowTests.Corax.RavenDB_26091.CanChangeOrderOfTheNullsWhenStreamingSortingDouble(Options options, Boolean nullFirst, Boolean isAutoIndex, Boolean isAscending) in /work/ravendb/RavenDB-25281/test/SlowTests/Corax/RavenDB-26091.cs:line 441
--- End of stack trace from previous location ---</StackTrace>
        </ErrorInfo>
      </Output>
    </UnitTestResult>
    <UnitTestResult executionId="bda92767-941a-44e0-9f29-9b3891ae2b7c" testId="ac676d5f-48ef-f56a-5e74-df0d87347603" testName="SlowTests.Corax.RavenDB_26091_MultiSorting.CanChangeOrderOfTheNullsWhenMultiFieldSortingAlphaNumeric(options:  DatabaseMode = Single , SearchEngineMode = Corax, nullFirst: False, isAutoIndex: False, isAscending: False, fieldFirst: True)" computerName="97d806bf104e" duration="00:00:00.5276935" startTime="2026-05-01T02:14:08.0504341+00:00" endTime="2026-05-01T02:14:08.5781464+00:00" testType="13cdc9d9-ddb5-4fa4-a97d-d965ccfc6d4b" outcome="Passed" testListId="8c84fa94-04c1-424b-9868-57a2d4851a1d" relativeResultsDirectory="bda92767-941a-44e0-9f29-9b3891ae2b7c" />
    <UnitTestResult executionId="de1c3db7-86b8-4986-b22b-347d433af8d0" testId="2017fdaa-1479-ee5a-b0e5-237572f68690" testName="SlowTests.Corax.RavenDB_26091_MultiSorting.CanChangeOrderOfTheNullsWhenMultiFieldSortingString(options:  DatabaseMode = Single , SearchEngineMode = Corax, nullFirst: True, isAutoIndex: True, isAscending: False, fieldFirst: True)" computerName="97d806bf104e" duration="00:00:02.5057903" startTime="2026-05-01T02:11:08.8682689+00:00" endTime="2026-05-01T02:11:11.3740760+00:00" testType="13cdc9d9-ddb5-4fa4-a97d-d965ccfc6d4b" outcome="Passed" testListId="8c84fa94-04c1-424b-9868-57a2d4851a1d" relativeResultsDirectory="de1c3db7-86b8-4986-b22b-347d433af8d0" />
    <UnitTestResult executionId="239f4009-ee36-44c6-9f44-184fd3e1b23a" testId="5567a0ae-372f-cd97-143a-13ab7cbea9d3" testName="SlowTests.Corax.RavenDB_21430.CanIndexComplexFieldInAutoIndex" computerName="97d806bf104e" duration="00:00:03.2526665" startTime="2026-05-01T02:02:39.8298610+00:00" endTime="2026-05-01T02:02:43.0825631+00:00" testType="13cdc9d9-ddb5-4fa4-a97d-d965ccfc6d4b" outcome="Passed" testListId="8c84fa94-04c1-424b-9868-57a2d4851a1d" relativeResultsDirectory="239f4009-ee36-44c6-9f44-184fd3e1b23a" />
    <UnitTestResult executionId="415cc5b9-f118-4567-801c-74dcc1b47cf8" testId="913047d7-a6ef-af5d-78d1-514ef6fe04f5" testName="SlowTests.Corax.CoraxSlowQueryTests.OnTermMatchCoraxShouldUseOnlyStandardAnalyzer(options:  DatabaseMode = Single , SearchEngineMode = Corax)" computerName="97d806bf104e" duration="00:00:01.7200407" startTime="2026-05-01T01:58:28.1217036+00:00" endTime="2026-05-01T01:58:29.8417758+00:00" testType="13cdc9d9-ddb5-4fa4-a97d-d965ccfc6d4b" outcome="Passed" testListId="8c84fa94-04c1-424b-9868-57a2d4851a1d" relativeResultsDirectory="415cc5b9-f118-4567-801c-74dcc1b47cf8" />
    <UnitTestResult executionId="139384ba-7849-447e-a471-e75ab839a543" testId="4f6b06ca-2671-fc5f-0251-16fd3b0fb93f" testName="SlowTests.Corax.RavenDB_26091_MultiSorting.CanChangeOrderOfTheNullsWhenMultiFieldSortingSpatial(options:  DatabaseMode = Sharded , SearchEngineMode = Corax, nullFirst: False, isAutoIndex: True, isAscending: False, fieldFirst: False)" computerName="97d806bf104e" duration="00:00:02.8469273" startTime="2026-05-01T02:12:19.2891412+00:00" endTime="2026-05-01T02:12:22.1360857+00:00" testType="13cdc9d9-ddb5-4fa4-a97d-d965ccfc6d4b" outcome="Passed" testListId="8c84fa94-04c1-424b-9868-57a2d4851a1d" relativeResultsDirectory="139384ba-7849-447e-a471-e75ab839a543" />
    <UnitTestResult executionId="9bade9ea-5c8e-498f-b811-758f772ff57e" testId="057989c4-e895-b626-353d-ea950479b2b8" testName="SlowTests.Corax.RavenDB_26091.CanChangeOrderOfTheNullsWhenSortingAlphaNumeric(options:  DatabaseMode = Sharded , SearchEngineMode = Corax, nullFirst: False, isAutoIndex: True, isAscending: True)" computerName="97d806bf104e" duration="00:00:02.7785123" startTime="2026-05-01T01:58:53.6547180+00:00" endTime="2026-05-01T01:58:56.4332539+00:00" testType="13cdc9d9-ddb5-4fa4-a97d-d965ccfc6d4b" outcome="Passed" testListId="8c84fa94-04c1-424b-9868-57a2d4851a1d" relativeResultsDirectory="9bade9ea-5c8e-498f-b811-758f772ff57e" />
    <UnitTestResult executionId="85dda55f-9d1e-4239-b4a3-0eb52f4d8ab1" testId="af4338fb-91c4-eb9f-b903-f267015d760c" testName="SlowTests.Corax.RavenDB_26091.CanChangeOrderOfTheNullsWhenSortingString(options:  DatabaseMode = Single , SearchEngineMode = Corax, nullFirst: True, isAutoIndex: False, isAscending: True, forceSortUsingIndex: True)" computerName="97d806bf104e" duration="00:00:01.1289114" startTime="2026-05-01T01:57:10.9239196+00:00" endTime="2026-05-01T01:57:12.0531607+00:00" testType="13cdc9d9-ddb5-4fa4-a97d-d965ccfc6d4b" outcome="Failed" testListId="8c84fa94-04c1-424b-9868-57a2d4851a1d" relativeResultsDirectory="85dda55f-9d1e-4239-b4a3-0eb52f4d8ab1">
      <Output>
        <ErrorInfo>
          <Message>Assert.Equal() Failure: Strings differ
           ↓ (pos 0)
Expected: "MultiTermMatch"
Actual:   "CompiledQueryMatch"
           ↑ (pos 0)</Message>
          <StackTrace>   at SlowTests.Corax.RavenDB_26091.CanChangeOrderOfTheNullsWhenSortingString(Options options, Boolean nullFirst, Boolean isAutoIndex, Boolean isAscending, Boolean forceSortUsingIndex) in /work/ravendb/RavenDB-25281/test/SlowTests/Corax/RavenDB-26091.cs:line 59
--- End of stack trace from previous location ---</StackTrace>
        </ErrorInfo>
      </Output>
    </UnitTestResult>
    <UnitTestResult executionId="a0cf2d92-8007-4745-bc80-b4ffe38cabd7" testId="2017fdaa-1479-ee5a-b0e5-237572f68690" testName="SlowTests.Corax.RavenDB_26091_MultiSorting.CanChangeOrderOfTheNullsWhenMultiFieldSortingString(options:  DatabaseMode = Sharded , SearchEngineMode = Corax, nullFirst: False, isAutoIndex: True, isAscending: True, fieldFirst: False)" computerName="97d806bf104e" duration="00:00:03.8335086" startTime="2026-05-01T02:11:50.4046075+00:00" endTime="2026-05-01T02:11:54.2381337+00:00" testType="13cdc9d9-ddb5-4fa4-a97d-d965ccfc6d4b" outcome="Passed" testListId="8c84fa94-04c1-424b-9868-57a2d4851a1d" relativeResultsDirectory="a0cf2d92-8007-4745-bc80-b4ffe38cabd7" />
    <UnitTestResult executionId="fad31dce-d8f8-49b9-a9bf-09423b44e487" testId="4f6b06ca-2671-fc5f-0251-16fd3b0fb93f" testName="SlowTests.Corax.RavenDB_26091_MultiSorting.CanChangeOrderOfTheNullsWhenMultiFieldSortingSpatial(options:  DatabaseMode = Sharded , SearchEngineMode = Corax, nullFirst: False, isAutoIndex: False, isAscending: True, fieldFirst: False)" computerName="97d806bf104e" duration="00:00:00.7924350" startTime="2026-05-01T02:12:24.9825883+00:00" endTime="2026-05-01T02:12:25.7750430+00:00" testType="13cdc9d9-ddb5-4fa4-a97d-d965ccfc6d4b" outcome="Passed" testListId="8c84fa94-04c1-424b-9868-57a2d4851a1d" relativeResultsDirectory="fad31dce-d8f8-49b9-a9bf-09423b44e487" />
    <UnitTestResult executionId="3b459dbf-83a7-4ef3-ba36-79ee35ab8b7b" testId="c3559fc9-65a5-cb54-e08b-14ef0d1b36ec" testName="SlowTests.Corax.RavenDB_26091_MultiSorting.CanChangeOrderOfTheNullsWhenMultiFieldSortingDouble(options:  DatabaseMode = Sharded , SearchEngineMode = Corax, nullFirst: True, isAutoIndex: True, isAscending: True, fieldFirst: True)" computerName="97d806bf104e" duration="00:00:01.3654296" startTime="2026-05-01T02:12:58.6150398+00:00" endTime="2026-05-01T02:12:59.9805132+00:00" testType="13cdc9d9-ddb5-4fa4-a97d-d965ccfc6d4b" outcome="Passed" testListId="8c84fa94-04c1-424b-9868-57a2d4851a1d" relativeResultsDirectory="3b459dbf-83a7-4ef3-ba36-79ee35ab8b7b" />
    <UnitTestResult executionId="5ecd1a6d-3c5c-45f3-9668-aa8b1fbc8e60" testId="f013b9cb-b75d-d1f3-33b0-c55b3dd7eae1" testName="SlowTests.Corax.RavenDB_21613.RangeFacetsAreEqualBetweenSearchEnginesInCaseOfNoMatches" computerName="97d806bf104e" duration="00:00:03.5436657" startTime="2026-05-01T02:00:24.8317797+00:00" endTime="2026-05-01T02:00:28.3754928+00:00" testType="13cdc9d9-ddb5-4fa4-a97d-d965ccfc6d4b" outcome="Passed" testListId="8c84fa94-04c1-424b-9868-57a2d4851a1d" relativeResultsDirectory="5ecd1a6d-3c5c-45f3-9668-aa8b1fbc8e60" />
    <UnitTestResult executionId="ff36692b-4f38-47f6-8b63-5000af97c51c" testId="dd8ebcf8-1cfd-1bde-e1a0-fe9def7e7912" testName="SlowTests.Corax.RavenDB_21818.ScoreAsSecondaryComparerWithIndexBoostAndIncludeScore(type: Long)" computerName="97d806bf104e" duration="00:00:00.7994457" startTime="2026-05-01T02:01:43.5174496+00:00" endTime="2026-05-01T02:01:44.3169311+00:00" testType="13cdc9d9-ddb5-4fa4-a97d-d965ccfc6d4b" outcome="Passed" testListId="8c84fa94-04c1-424b-9868-57a2d4851a1d" relativeResultsDirectory="ff36692b-4f38-47f6-8b63-5000af97c51c" />
    <UnitTestResult executionId="aeb05a6d-b170-4acc-87a3-791f27401fdd" testId="4d83f5a3-6340-8ab5-5110-832fdaccd94d" testName="SlowTests.Corax.GrowableBufferTests.CanExtendAndNotLooseAnythingSingle(size: 4194304)" computerName="97d806bf104e" duration="00:00:16.8373513" startTime="2026-05-01T02:10:10.7408949+00:00" endTime="2026-05-01T02:10:27.5783416+00:00" testType="13cdc9d9-ddb5-4fa4-a97d-d965ccfc6d4b" outcome="Passed" testListId="8c84fa94-04c1-424b-9868-57a2d4851a1d" relativeResultsDirectory="aeb05a6d-b170-4acc-87a3-791f27401fdd" />
    <UnitTestResult executionId="178d6a0a-b77a-4e31-9551-b2049ed5786c" testId="88093d5e-6e72-3bbf-8293-cdc5a8f84818" testName="SlowTests.Corax.RavenDB_26091.CanChangeOrderOfTheNullsWhenStreamingSortingDouble(options:  DatabaseMode = Single , SearchEngineMode = Corax, nullFirst: True, isAutoIndex: True, isAscending: False)" computerName="97d806bf104e" duration="00:00:02.0577223" startTime="2026-05-01T01:55:28.0685928+00:00" endTime="2026-05-01T01:55:30.1270767+00:00" testType="13cdc9d9-ddb5-4fa4-a97d-d965ccfc6d4b" outcome="Failed" testListId="8c84fa94-04c1-424b-9868-57a2d4851a1d" relativeResultsDirectory="178d6a0a-b77a-4e31-9551-b2049ed5786c">
      <Output>
        <ErrorInfo>
          <Message>Assert.NotEqual() Failure: Strings are equal
Expected: Not "SortingMatch"
Actual:       "SortingMatch"</Message>
          <StackTrace>   at SlowTests.Corax.RavenDB_26091.CanChangeOrderOfTheNullsWhenStreamingSortingDouble(Options options, Boolean nullFirst, Boolean isAutoIndex, Boolean isAscending) in /work/ravendb/RavenDB-25281/test/SlowTests/Corax/RavenDB-26091.cs:line 441
--- End of stack trace from previous location ---</StackTrace>
        </ErrorInfo>
      </Output>
    </UnitTestResult>
    <UnitTestResult executionId="3ca78ed4-ddd0-446d-9260-3ce9bb40227f" testId="b9ec45f5-d034-02c3-d5e5-60a6686e814f" testName="SlowTests.Corax.RavenDB_23453.CanFilterMultiVectorsNearest(seed: 1030969234)" computerName="97d806bf104e" duration="00:00:00.8338759" startTime="2026-05-01T02:02:12.9475122+00:00" endTime="2026-05-01T02:02:13.7815369+00:00" testType="13cdc9d9-ddb5-4fa4-a97d-d965ccfc6d4b" outcome="Passed" testListId="8c84fa94-04c1-424b-9868-57a2d4851a1d" relativeResultsDirectory="3ca78ed4-ddd0-446d-9260-3ce9bb40227f" />
    <UnitTestResult executionId="32ec39ef-f74c-4ebd-9fae-d15a93f64db7" testId="0bcf2f38-0a29-d191-94fb-823911499ac0" testName="SlowTests.Corax.RavenDB_26091.CanChangeOrderOfTheNullsWhenSortingDouble(options:  DatabaseMode = Sharded , SearchEngineMode = Corax, nullFirst: False, isAutoIndex: False, isAscending: False, forceSortUsingIndex: False)" computerName="97d806bf104e" duration="00:00:01.7661687" startTime="2026-05-01T01:58:39.9849930+00:00" endTime="2026-05-01T01:58:41.7511851+00:00" testType="13cdc9d9-ddb5-4fa4-a97d-d965ccfc6d4b" outcome="Passed" testListId="8c84fa94-04c1-424b-9868-57a2d4851a1d" relativeResultsDirectory="32ec39ef-f74c-4ebd-9fae-d15a93f64db7" />
    <UnitTestResult executionId="4c24d68c-6631-4be8-9144-beeac3f6db52" testId="48e79387-4964-f2d2-5708-deb491ec0db9" testName="SlowTests.Corax.RavenDB_23453.FilterQueryAndWithMethodMultiVectorSearch(shouldScan: False, isExact: True, seed: 343633684)" computerName="97d806bf104e" duration="00:00:00.7856833" startTime="2026-05-01T02:02:07.1409253+00:00" endTime="2026-05-01T02:02:07.9266407+00:00" testType="13cdc9d9-ddb5-4fa4-a97d-d965ccfc6d4b" outcome="Passed" testListId="8c84fa94-04c1-424b-9868-57a2d4851a1d" relativeResultsDirectory="4c24d68c-6631-4be8-9144-beeac3f6db52" />
    <UnitTestResult executionId="3557b890-4e86-4ff8-8a7c-5b5fdcbda6b2" testId="93a1a966-8ae6-ef59-7da2-1af2730c4980" testName="SlowTests.Corax.RavenDB_26091.CanChangeOrderOfTheNullsWhenSortingSpatial(options:  DatabaseMode = Single , SearchEngineMode = Corax, nullFirst: True, isAutoIndex: True, isAscending: False)" computerName="97d806bf104e" duration="00:00:01.1584787" startTime="2026-05-01T01:56:26.1366289+00:00" endTime="2026-05-01T01:56:27.2956083+00:00" testType="13cdc9d9-ddb5-4fa4-a97d-d965ccfc6d4b" outcome="Failed" testListId="8c84fa94-04c1-424b-9868-57a2d4851a1d" relativeResultsDirectory="3557b890-4e86-4ff8-8a7c-5b5fdcbda6b2">
      <Output>
        <ErrorInfo>
          <Message>Assert.Equal() Failure: Strings differ
           ↓ (pos 0)
Expected: "MultiTermMatch"
Actual:   "CompiledQueryMatch"
           ↑ (pos 0)</Message>
          <StackTrace>   at SlowTests.Corax.RavenDB_26091.CanChangeOrderOfTheNullsWhenSortingSpatial(Options options, Boolean nullFirst, Boolean isAutoIndex, Boolean isAscending) in /work/ravendb/RavenDB-25281/test/SlowTests/Corax/RavenDB-26091.cs:line 605
--- End of stack trace from previous location ---</StackTrace>
        </ErrorInfo>
      </Output>
    </UnitTestResult>
    <UnitTestResult executionId="6576986e-2581-42f9-8033-1647efa4df41" testId="c58fb5a0-6e9b-7a4c-f9b1-7a81b7df8038" testName="SlowTests.Corax.RavenDB_23631.MultiTermMatchProperlyHandlesDuplicatesWhenPerformingAndWith" computerName="97d806bf104e" duration="00:00:00.1763338" startTime="2026-05-01T01:55:13.9782116+00:00" endTime="2026-05-01T01:55:14.1546280+00:00" testType="13cdc9d9-ddb5-4fa4-a97d-d965ccfc6d4b" outcome="Passed" testListId="8c84fa94-04c1-424b-9868-57a2d4851a1d" relativeResultsDirectory="6576986e-2581-42f9-8033-1647efa4df41" />
    <UnitTestResult executionId="d16b5299-8bca-4a7e-9b9a-68c670ab3e5c" testId="af4338fb-91c4-eb9f-b903-f267015d760c" testName="SlowTests.Corax.RavenDB_26091.CanChangeOrderOfTheNullsWhenSortingString(options:  DatabaseMode = Single , SearchEngineMode = Corax, nullFirst: True, isAutoIndex: True, isAscending: False, forceSortUsingIndex: True)" computerName="97d806bf104e" duration="00:00:00.9500127" startTime="2026-05-01T01:57:05.4155201+00:00" endTime="2026-05-01T01:57:06.3658709+00:00" testType="13cdc9d9-ddb5-4fa4-a97d-d965ccfc6d4b" outcome="Failed" testListId="8c84fa94-04c1-424b-9868-57a2d4851a1d" relativeResultsDirectory="d16b5299-8bca-4a7e-9b9a-68c670ab3e5c">
      <Output>
        <ErrorInfo>
          <Message>Assert.Equal() Failure: Strings differ
           ↓ (pos 0)
Expected: "MultiTermMatch"
Actual:   "CompiledQueryMatch"
           ↑ (pos 0)</Message>
          <StackTrace>   at SlowTests.Corax.RavenDB_26091.CanChangeOrderOfTheNullsWhenSortingString(Options options, Boolean nullFirst, Boolean isAutoIndex, Boolean isAscending, Boolean forceSortUsingIndex) in /work/ravendb/RavenDB-25281/test/SlowTests/Corax/RavenDB-26091.cs:line 59
--- End of stack trace from previous location ---</StackTrace>
        </ErrorInfo>
      </Output>
    </UnitTestResult>
    <UnitTestResult executionId="716049f4-7938-40ca-9e85-583ac304452a" testId="c3559fc9-65a5-cb54-e08b-14ef0d1b36ec" testName="SlowTests.Corax.RavenDB_26091_MultiSorting.CanChangeOrderOfTheNullsWhenMultiFieldSortingDouble(options:  DatabaseMode = Sharded , SearchEngineMode = Corax, nullFirst: True, isAutoIndex: True, isAscending: False, fieldFirst: True)" computerName="97d806bf104e" duration="00:00:01.3169680" startTime="2026-05-01T02:13:01.9591337+00:00" endTime="2026-05-01T02:13:03.2761224+00:00" testType="13cdc9d9-ddb5-4fa4-a97d-d965ccfc6d4b" outcome="Passed" testListId="8c84fa94-04c1-424b-9868-57a2d4851a1d" relativeResultsDirectory="716049f4-7938-40ca-9e85-583ac304452a" />
    <UnitTestResult executionId="5b6e237b-a34a-4f34-9366-11e6bcd16fbb" testId="c3559fc9-65a5-cb54-e08b-14ef0d1b36ec" testName="SlowTests.Corax.RavenDB_26091_MultiSorting.CanChangeOrderOfTheNullsWhenMultiFieldSortingDouble(options:  DatabaseMode = Sharded , SearchEngineMode = Corax, nullFirst: True, isAutoIndex: False, isAscending: False, fieldFirst: True)" computerName="97d806bf104e" duration="00:00:01.2233212" startTime="2026-05-01T02:13:12.7193061+00:00" endTime="2026-05-01T02:13:13.9426471+00:00" testType="13cdc9d9-ddb5-4fa4-a97d-d965ccfc6d4b" outcome="Passed" testListId="8c84fa94-04c1-424b-9868-57a2d4851a1d" relativeResultsDirectory="5b6e237b-a34a-4f34-9366-11e6bcd16fbb" />
    <UnitTestResult executionId="bbd45889-d11c-48b2-bdfd-7423d40a8dd0" testId="8f374017-cb00-9599-bd3e-bfe881eadcbe" testName="SlowTests.Corax.RavenDB_26091_MultiSorting.CanChangeOrderOfTheNullsWhenMultiFieldSortingInt(options:  DatabaseMode = Sharded , SearchEngineMode = Corax, nullFirst: False, isAutoIndex: False, isAscending: False, fieldFirst: False)" computerName="97d806bf104e" duration="00:00:01.2509046" startTime="2026-05-01T02:12:56.9315470+00:00" endTime="2026-05-01T02:12:58.1824902+00:00" testType="13cdc9d9-ddb5-4fa4-a97d-d965ccfc6d4b" outcome="Passed" testListId="8c84fa94-04c1-424b-9868-57a2d4851a1d" relativeResultsDirectory="bbd45889-d11c-48b2-bdfd-7423d40a8dd0" />
    <UnitTestResult executionId="29e57786-2310-4eae-ae7b-7c727004de0e" testId="b28f28e2-d470-9a1e-dea7-f42712d82c6b" testName="SlowTests.Voron.PostingListTests.CanStoreLargeNumberOfItemsInSequentialOrder" computerName="97d806bf104e" duration="00:00:05.5857009" startTime="2026-05-01T02:03:03.2348779+00:00" endTime="2026-05-01T02:03:08.8206539+00:00" testType="13cdc9d9-ddb5-4fa4-a97d-d965ccfc6d4b" outcome="Passed" testListId="8c84fa94-04c1-424b-9868-57a2d4851a1d" relativeResultsDirectory="29e57786-2310-4eae-ae7b-7c727004de0e" />
    <UnitTestResult executionId="1eddba66-0e9e-41eb-91f9-c4541b0d8bc1" testId="8f374017-cb00-9599-bd3e-bfe881eadcbe" testName="SlowTests.Corax.RavenDB_26091_MultiSorting.CanChangeOrderOfTheNullsWhenMultiFieldSortingInt(options:  DatabaseMode = Sharded , SearchEngineMode = Corax, nullFirst: True, isAutoIndex: True, isAscending: False, fieldFirst: True)" computerName="97d806bf104e" duration="00:00:01.0753548" startTime="2026-05-01T02:12:30.9368562+00:00" endTime="2026-05-01T02:12:32.0122301+00:00" testType="13cdc9d9-ddb5-4fa4-a97d-d965ccfc6d4b" outcome="Passed" testListId="8c84fa94-04c1-424b-9868-57a2d4851a1d" relativeResultsDirectory="1eddba66-0e9e-41eb-91f9-c4541b0d8bc1" />
    <UnitTestResult executionId="06a7b9fa-b2d6-4f71-8d62-47c6b373e382" testId="24c7a2e7-10e2-62fa-eff0-ac096b7d56c1" testName="SlowTests.Server.Documents.AI.Embeddings.LoadVectorFromExternalDocumentTests.CanIndexSingleVectorGeneratedByEtlForDifferentDocument" computerName="97d806bf104e" duration="00:00:07.6087674" startTime="2026-05-01T02:09:48.9205100+00:00" endTime="2026-05-01T02:09:56.5293474+00:00" testType="13cdc9d9-ddb5-4fa4-a97d-d965ccfc6d4b" outcome="Passed" testListId="8c84fa94-04c1-424b-9868-57a2d4851a1d" relativeResultsDirectory="06a7b9fa-b2d6-4f71-8d62-47c6b373e382" />
    <UnitTestResult executionId="61bcfa2e-e726-4a43-894f-e777fd321027" testId="64024fdd-ee26-52bb-4b2e-0c7b98ff7959" testName="SlowTests.Corax.RavenDB_22811.CoraxIndexMustNotThrowErrorsOnNonIndexedComplexFieldAfterSideBySideIndexing" computerName="97d806bf104e" duration="00:00:01.6347676" startTime="2026-05-01T02:10:34.2420566+00:00" endTime="2026-05-01T02:10:35.8768507+00:00" testType="13cdc9d9-ddb5-4fa4-a97d-d965ccfc6d4b" outcome="Passed" testListId="8c84fa94-04c1-424b-9868-57a2d4851a1d" relativeResultsDirectory="61bcfa2e-e726-4a43-894f-e777fd321027" />
    <UnitTestResult executionId="85e1c9da-84cd-48b8-b412-40e1e2a4ff6f" testId="0bcf2f38-0a29-d191-94fb-823911499ac0" testName="SlowTests.Corax.RavenDB_26091.CanChangeOrderOfTheNullsWhenSortingDouble(options:  DatabaseMode = Sharded , SearchEngineMode = Corax, nullFirst: True, isAutoIndex: True, isAscending: False, forceSortUsingIndex: False)" computerName="97d806bf104e" duration="00:00:03.8532706" startTime="2026-05-01T01:58:02.8499148+00:00" endTime="2026-05-01T01:58:06.7032187+00:00" testType="13cdc9d9-ddb5-4fa4-a97d-d965ccfc6d4b" outcome="Passed" testListId="8c84fa94-04c1-424b-9868-57a2d4851a1d" relativeResultsDirectory="85e1c9da-84cd-48b8-b412-40e1e2a4ff6f" />
    <UnitTestResult executionId="0772836c-77cd-4ddc-9fd0-8900cbbf8326" testId="c3559fc9-65a5-cb54-e08b-14ef0d1b36ec" testName="SlowTests.Corax.RavenDB_26091_MultiSorting.CanChangeOrderOfTheNullsWhenMultiFieldSortingDouble(options:  DatabaseMode = Single , SearchEngineMode = Corax, nullFirst: False, isAutoIndex: True, isAscending: True, fieldFirst: True)" computerName="97d806bf104e" duration="00:00:00.4197417" startTime="2026-05-01T02:13:15.6302032+00:00" endTime="2026-05-01T02:13:16.0499610+00:00" testType="13cdc9d9-ddb5-4fa4-a97d-d965ccfc6d4b" outcome="Passed" testListId="8c84fa94-04c1-424b-9868-57a2d4851a1d" relativeResultsDirectory="0772836c-77cd-4ddc-9fd0-8900cbbf8326" />
    <UnitTestResult executionId="3ab159de-04b8-4d1f-909a-9d855d471ab7" testId="abd48d0f-cb67-a9b3-2244-0fc47bdc97e4" testName="SlowTests.Voron.Graphs.HnswSearch.ConcurrentNodePlacementDoesNotFailWhenNodeDiscoversItself(seed: 1984576890)" computerName="97d806bf104e" duration="00:00:01.7372797" startTime="2026-05-01T02:00:10.2645511+00:00" endTime="2026-05-01T02:00:12.0019080+00:00" testType="13cdc9d9-ddb5-4fa4-a97d-d965ccfc6d4b" outcome="Passed" testListId="8c84fa94-04c1-424b-9868-57a2d4851a1d" relativeResultsDirectory="3ab159de-04b8-4d1f-909a-9d855d471ab7" />
    <UnitTestResult executionId="131c8cb5-92c9-40f1-91b5-c42f9603b21f" testId="88093d5e-6e72-3bbf-8293-cdc5a8f84818" testName="SlowTests.Corax.RavenDB_26091.CanChangeOrderOfTheNullsWhenStreamingSortingDouble(options:  DatabaseMode = Sharded , SearchEngineMode = Corax, nullFirst: True, isAutoIndex: True, isAscending: True)" computerName="97d806bf104e" duration="00:00:03.1236821" startTime="2026-05-01T01:55:24.9447766+00:00" endTime="2026-05-01T01:55:28.0685383+00:00" testType="13cdc9d9-ddb5-4fa4-a97d-d965ccfc6d4b" outcome="Passed" testListId="8c84fa94-04c1-424b-9868-57a2d4851a1d" relativeResultsDirectory="131c8cb5-92c9-40f1-91b5-c42f9603b21f" />
    <UnitTestResult executionId="576977e9-13c3-4911-a2df-893ac0655873" testId="2017fdaa-1479-ee5a-b0e5-237572f68690" testName="SlowTests.Corax.RavenDB_26091_MultiSorting.CanChangeOrderOfTheNullsWhenMultiFieldSortingString(options:  DatabaseMode = Sharded , SearchEngineMode = Corax, nullFirst: True, isAutoIndex: False, isAscending: False, fieldFirst: True)" computerName="97d806bf104e" duration="00:00:01.3340846" startTime="2026-05-01T02:11:45.4709784+00:00" endTime="2026-05-01T02:11:46.8051002+00:00" testType="13cdc9d9-ddb5-4fa4-a97d-d965ccfc6d4b" outcome="Passed" testListId="8c84fa94-04c1-424b-9868-57a2d4851a1d" relativeResultsDirectory="576977e9-13c3-4911-a2df-893ac0655873" />
    <UnitTestResult executionId="a76366f4-1757-4faf-b63c-4c8f265c2452" testId="80cdf3aa-8003-c7c6-9452-bb73efdfcf77" testName="SlowTests.Corax.IndexSearcherTestExtended.AndInStatement(setSize: 11700, stackSize: 18)" computerName="97d806bf104e" duration="00:00:00.6263001" startTime="2026-05-01T02:00:06.7044499+00:00" endTime="2026-05-01T02:00:07.3307738+00:00" testType="13cdc9d9-ddb5-4fa4-a97d-d965ccfc6d4b" outcome="Passed" testListId="8c84fa94-04c1-424b-9868-57a2d4851a1d" relativeResultsDirectory="a76366f4-1757-4faf-b63c-4c8f265c2452" />
    <UnitTestResult executionId="b888ec29-b19f-4678-b343-c56c20bb4dd7" testId="2017fdaa-1479-ee5a-b0e5-237572f68690" testName="SlowTests.Corax.RavenDB_26091_MultiSorting.CanChangeOrderOfTheNullsWhenMultiFieldSortingString(options:  DatabaseMode = Sharded , SearchEngineMode = Corax, nullFirst: False, isAutoIndex: False, isAscending: True, fieldFirst: False)" computerName="97d806bf104e" duration="00:00:01.2616847" startTime="2026-05-01T02:11:59.5413541+00:00" endTime="2026-05-01T02:12:00.8030559+00:00" testType="13cdc9d9-ddb5-4fa4-a97d-d965ccfc6d4b" outcome="Passed" testListId="8c84fa94-04c1-424b-9868-57a2d4851a1d" relativeResultsDirectory="b888ec29-b19f-4678-b343-c56c20bb4dd7" />
    <UnitTestResult executionId="68f44b54-c6d8-4d91-9b71-c25d0720561f" testId="be18d15d-964d-c659-086e-f0473a7d5980" testName="SlowTests.Corax.IncludeScoresAndDistancesCorax.CanGetScoreInMetadata(compoundSorting: True)" computerName="97d806bf104e" duration="00:00:03.1459845" startTime="2026-05-01T02:01:44.8241763+00:00" endTime="2026-05-01T02:01:47.9703258+00:00" testType="13cdc9d9-ddb5-4fa4-a97d-d965ccfc6d4b" outcome="Passed" testListId="8c84fa94-04c1-424b-9868-57a2d4851a1d" relativeResultsDirectory="68f44b54-c6d8-4d91-9b71-c25d0720561f" />
    <UnitTestResult executionId="f15b0d1d-e032-461c-9eff-6e88dd7b3f7d" testId="0ca99314-cad4-eb87-9578-4803743f6bd8" testName="SlowTests.Corax.IndexSearcherTestExtended.MultiTermMatchWithBinaryOperations(setSize: 100000, stackSize: 1028)" computerName="97d806bf104e" duration="00:00:12.2777400" startTime="2026-05-01T01:59:40.1435038+00:00" endTime="2026-05-01T01:59:52.4212750+00:00" testType="13cdc9d9-ddb5-4fa4-a97d-d965ccfc6d4b" outcome="Passed" testListId="8c84fa94-04c1-424b-9868-57a2d4851a1d" relativeResultsDirectory="f15b0d1d-e032-461c-9eff-6e88dd7b3f7d" />
    <UnitTestResult executionId="1796d593-4822-4b6c-ac78-b73d9fd388b9" testId="5426112b-d6fa-220b-d5af-d7ed8a260411" testName="SlowTests.Corax.RavenDB_26091.CanChangeOrderOfTheNullsWhenStreamingSortingInt(options:  DatabaseMode = Sharded , SearchEngineMode = Corax, nullFirst: True, isAutoIndex: False, isAscending: False)" computerName="97d806bf104e" duration="00:00:03.5091904" startTime="2026-05-01T01:59:23.3702846+00:00" endTime="2026-05-01T01:59:26.8795589+00:00" testType="13cdc9d9-ddb5-4fa4-a97d-d965ccfc6d4b" outcome="Passed" testListId="8c84fa94-04c1-424b-9868-57a2d4851a1d" relativeResultsDirectory="1796d593-4822-4b6c-ac78-b73d9fd388b9" />
    <UnitTestResult executionId="32b78fa0-5bab-4dd6-8efb-91236518fc30" testId="2d4751d6-47d6-c0a6-84d7-40e43312dfcf" testName="SlowTests.Corax.Bugs.TermMatchTests.ScalarTermMatchPostingListAndWithTest" computerName="97d806bf104e" duration="00:00:00.1869651" startTime="2026-05-01T01:55:14.5124152+00:00" endTime="2026-05-01T01:55:14.6994590+00:00" testType="13cdc9d9-ddb5-4fa4-a97d-d965ccfc6d4b" outcome="Passed" testListId="8c84fa94-04c1-424b-9868-57a2d4851a1d" relativeResultsDirectory="32b78fa0-5bab-4dd6-8efb-91236518fc30" />
    <UnitTestResult executionId="647bfa05-b0fc-4669-bb3f-d3de7f1a74df" testId="9a18f74c-eb0f-fc9d-41e3-9eb5cebc2b2c" testName="SlowTests.Corax.IncludeScoresAndDistancesCorax.CanGetSpatialResults(compoundSorting: False)" computerName="97d806bf104e" duration="00:00:03.0236459" startTime="2026-05-01T02:01:47.9823079+00:00" endTime="2026-05-01T02:01:51.0059846+00:00" testType="13cdc9d9-ddb5-4fa4-a97d-d965ccfc6d4b" outcome="Passed" testListId="8c84fa94-04c1-424b-9868-57a2d4851a1d" relativeResultsDirectory="647bfa05-b0fc-4669-bb3f-d3de7f1a74df" />
    <UnitTestResult executionId="bfae5867-4422-4fbc-80b1-b9d1004229a3" testId="20c9dfe3-22e6-4696-df0b-d3ebb6b10b59" testName="SlowTests.Corax.GrowableBufferTests.CanExtendAndNotLooseAnything(size: 8388608)" computerName="97d806bf104e" duration="00:00:41.3238612" startTime="2026-05-01T02:08:28.1964989+00:00" endTime="2026-05-01T02:09:09.5204061+00:00" testType="13cdc9d9-ddb5-4fa4-a97d-d965ccfc6d4b" outcome="Passed" testListId="8c84fa94-04c1-424b-9868-57a2d4851a1d" relativeResultsDirectory="bfae5867-4422-4fbc-80b1-b9d1004229a3" />
    <UnitTestResult executionId="f268c905-c012-452e-bf49-e2094b892dad" testId="49023aa0-803c-b8c8-212b-5276d9a9799f" testName="SlowTests.Corax.IndexSearcherTestExtended.AndInStatementWithLowercaseAnalyzer(setSize: 100000, stackSize: 2046)" computerName="97d806bf104e" duration="00:00:02.0528069" startTime="2026-05-01T01:59:18.1157099+00:00" endTime="2026-05-01T01:59:20.1685385+00:00" testType="13cdc9d9-ddb5-4fa4-a97d-d965ccfc6d4b" outcome="Passed" testListId="8c84fa94-04c1-424b-9868-57a2d4851a1d" relativeResultsDirectory="f268c905-c012-452e-bf49-e2094b892dad" />
    <UnitTestResult executionId="2269fe65-9c3a-4f39-83be-030e6db6afd1" testId="ac676d5f-48ef-f56a-5e74-df0d87347603" testName="SlowTests.Corax.RavenDB_26091_MultiSorting.CanChangeOrderOfTheNullsWhenMultiFieldSortingAlphaNumeric(options:  DatabaseMode = Single , SearchEngineMode = Corax, nullFirst: False, isAutoIndex: False, isAscending: True, fieldFirst: False)" computerName="97d806bf104e" duration="00:00:00.4939332" startTime="2026-05-01T02:14:06.3311300+00:00" endTime="2026-05-01T02:14:06.8250793+00:00" testType="13cdc9d9-ddb5-4fa4-a97d-d965ccfc6d4b" outcome="Passed" testListId="8c84fa94-04c1-424b-9868-57a2d4851a1d" relativeResultsDirectory="2269fe65-9c3a-4f39-83be-030e6db6afd1" />
    <UnitTestResult executionId="dcecab7d-4dcc-4e4e-9aad-8c269facc01a" testId="f47c2dc1-2ecc-d9a5-8411-c7881615414a" testName="SlowTests.Corax.IndexSearcherTestExtended.AndInStatementWithLowercaseAnalyzer(setSize: 11859, stackSize: 18)" computerName="97d806bf104e" duration="00:00:00.8600176" startTime="2026-05-01T01:59:20.1703058+00:00" endTime="2026-05-01T01:59:21.0303783+00:00" testType="13cdc9d9-ddb5-4fa4-a97d-d965ccfc6d4b" outcome="Passed" testListId="8c84fa94-04c1-424b-9868-57a2d4851a1d" relativeResultsDirectory="dcecab7d-4dcc-4e4e-9aad-8c269facc01a" />
    <UnitTestResult executionId="016108f4-f4ae-4f5d-8078-4d7c77b0f031" testId="c0424efd-5540-80e4-cc98-c69fe1e0aded" testName="SlowTests.Corax.RavenDB_25930.CompoundFieldShouldNotImpactQueryBuilderPlanWhenIsNotUsed" computerName="97d806bf104e" duration="00:00:02.7397298" startTime="2026-05-01T01:59:03.1662638+00:00" endTime="2026-05-01T01:59:05.9068025+00:00" testType="13cdc9d9-ddb5-4fa4-a97d-d965ccfc6d4b" outcome="Failed" testListId="8c84fa94-04c1-424b-9868-57a2d4851a1d" relativeResultsDirectory="016108f4-f4ae-4f5d-8078-4d7c77b0f031">
      <Output>
        <ErrorInfo>
          <Message>Assert.True() Failure
Expected: True
Actual:   False</Message>
          <StackTrace>   at SlowTests.Corax.RavenDB_25930.CompoundFieldShouldNotImpactQueryBuilderPlanWhenIsNotUsed() in /work/ravendb/RavenDB-25281/test/SlowTests/Corax/RavenDB-25930.cs:line 37
   at System.RuntimeMethodHandle.InvokeMethod(ObjectHandleOnStack target, Void** arguments, ObjectHandleOnStack sig, BOOL isConstructor, ObjectHandleOnStack result)
   at System.RuntimeMethodHandle.InvokeMethod(ObjectHandleOnStack target, Void** arguments, ObjectHandleOnStack sig, BOOL isConstructor, ObjectHandleOnStack result)
   at System.Reflection.MethodBaseInvoker.InterpretedInvoke_Method(Object obj, IntPtr* args)
   at System.Reflection.RuntimeMethodInfo.Invoke(Object obj, BindingFlags invokeAttr, Binder binder, Object[] parameters, CultureInfo culture)</StackTrace>
        </ErrorInfo>
      </Output>
    </UnitTestResult>
    <UnitTestResult executionId="7970fa56-2d53-4ff3-ae7d-fc4fc92fa767" testId="a6b627b3-6c1b-5e11-970b-39afea7f4558" testName="SlowTests.Corax.GrowableBitArrayTests.CanStoreBigNumbers(maxEntryId: 2147483646)" computerName="97d806bf104e" duration="00:00:00.2842177" startTime="2026-05-01T02:10:36.3363478+00:00" endTime="2026-05-01T02:10:36.6206897+00:00" testType="13cdc9d9-ddb5-4fa4-a97d-d965ccfc6d4b" outcome="Passed" testListId="8c84fa94-04c1-424b-9868-57a2d4851a1d" relativeResultsDirectory="7970fa56-2d53-4ff3-ae7d-fc4fc92fa767" />
    <UnitTestResult executionId="a0392347-0e73-45ed-965b-5449eca0f872" testId="8f374017-cb00-9599-bd3e-bfe881eadcbe" testName="SlowTests.Corax.RavenDB_26091_MultiSorting.CanChangeOrderOfTheNullsWhenMultiFieldSortingInt(options:  DatabaseMode = Single , SearchEngineMode = Corax, nullFirst: False, isAutoIndex: True, isAscending: True, fieldFirst: True)" computerName="97d806bf104e" duration="00:00:00.3568990" startTime="2026-05-01T02:12:42.1761958+00:00" endTime="2026-05-01T02:12:42.5331145+00:00" testType="13cdc9d9-ddb5-4fa4-a97d-d965ccfc6d4b" outcome="Passed" testListId="8c84fa94-04c1-424b-9868-57a2d4851a1d" relativeResultsDirectory="a0392347-0e73-45ed-965b-5449eca0f872" />
    <UnitTestResult executionId="fcd52aff-4bae-4ee5-a7a2-4f9da2f2c669" testId="566d9522-27ef-62a1-f877-76c2bbdccc24" testName="SlowTests.Corax.RavenDB_23453_Integration.TestAndGenerateRandomQueryVectors(disableScanning: True, isExact: False, seed: 173727144)" computerName="97d806bf104e" duration="00:00:10.8369278" startTime="2026-05-01T02:04:43.1947237+00:00" endTime="2026-05-01T02:04:54.0316775+00:00" testType="13cdc9d9-ddb5-4fa4-a97d-d965ccfc6d4b" outcome="Passed" testListId="8c84fa94-04c1-424b-9868-57a2d4851a1d" relativeResultsDirectory="fcd52aff-4bae-4ee5-a7a2-4f9da2f2c669" />
    <UnitTestResult executionId="ab3ad0fa-3f30-4852-a25a-0cc0db1797ab" testId="af4338fb-91c4-eb9f-b903-f267015d760c" testName="SlowTests.Corax.RavenDB_26091.CanChangeOrderOfTheNullsWhenSortingString(options:  DatabaseMode = Single , SearchEngineMode = Corax, nullFirst: True, isAutoIndex: False, isAscending: True, forceSortUsingIndex: False)" computerName="97d806bf104e" duration="00:00:01.0572598" startTime="2026-05-01T01:57:12.0531909+00:00" endTime="2026-05-01T01:57:13.1107554+00:00" testType="13cdc9d9-ddb5-4fa4-a97d-d965ccfc6d4b" outcome="Failed" testListId="8c84fa94-04c1-424b-9868-57a2d4851a1d" relativeResultsDirectory="ab3ad0fa-3f30-4852-a25a-0cc0db1797ab">
      <Output>
        <ErrorInfo>
          <Message>Assert.Equal() Failure: Strings differ
           ↓ (pos 0)
Expected: "MultiTermMatch"
Actual:   "CompiledQueryMatch"
           ↑ (pos 0)</Message>
          <StackTrace>   at SlowTests.Corax.RavenDB_26091.CanChangeOrderOfTheNullsWhenSortingString(Options options, Boolean nullFirst, Boolean isAutoIndex, Boolean isAscending, Boolean forceSortUsingIndex) in /work/ravendb/RavenDB-25281/test/SlowTests/Corax/RavenDB-26091.cs:line 59
--- End of stack trace from previous location ---</StackTrace>
        </ErrorInfo>
      </Output>
    </UnitTestResult>
    <UnitTestResult executionId="124b67c6-9d46-4dee-bb8b-842723129f30" testId="dd4b1faa-b894-b524-cf07-57cf0bc65a80" testName="SlowTests.Corax.RavenDB_26091.CanChangeOrderOfTheNullsWhenSortingInt(options:  DatabaseMode = Single , SearchEngineMode = Corax, nullFirst: False, isAutoIndex: True, isAscending: True, forceSortUsingIndex: True)" computerName="97d806bf104e" duration="00:00:00.3949096" startTime="2026-05-01T02:00:13.6897870+00:00" endTime="2026-05-01T02:00:14.0852110+00:00" testType="13cdc9d9-ddb5-4fa4-a97d-d965ccfc6d4b" outcome="Failed" testListId="8c84fa94-04c1-424b-9868-57a2d4851a1d" relativeResultsDirectory="124b67c6-9d46-4dee-bb8b-842723129f30">
      <Output>
        <ErrorInfo>
          <Message>Assert.Equal() Failure: Strings differ
           ↓ (pos 0)
Expected: "MultiTermMatch"
Actual:   "CompiledQueryMatch"
           ↑ (pos 0)</Message>
          <StackTrace>   at SlowTests.Corax.RavenDB_26091.CanChangeOrderOfTheNullsWhenSortingInt(Options options, Boolean nullFirst, Boolean isAutoIndex, Boolean isAscending, Boolean forceSortUsingIndex) in /work/ravendb/RavenDB-25281/test/SlowTests/Corax/RavenDB-26091.cs:line 148
--- End of stack trace from previous location ---</StackTrace>
        </ErrorInfo>
      </Output>
    </UnitTestResult>
    <UnitTestResult executionId="dcb4afea-610d-42b6-b639-a9cacc67bb5a" testId="0f3d396c-74e9-bb5b-d318-bf8fb461c9e3" testName="SlowTests.Corax.RavenDB_26091.CanChangeOrderOfTheNullsWhenStreamingSortingString(options:  DatabaseMode = Sharded , SearchEngineMode = Corax, nullFirst: True, isAutoIndex: True, isAscending: True)" computerName="97d806bf104e" duration="00:00:02.3972906" startTime="2026-05-01T02:00:28.4656982+00:00" endTime="2026-05-01T02:00:30.8630356+00:00" testType="13cdc9d9-ddb5-4fa4-a97d-d965ccfc6d4b" outcome="Passed" testListId="8c84fa94-04c1-424b-9868-57a2d4851a1d" relativeResultsDirectory="dcb4afea-610d-42b6-b639-a9cacc67bb5a" />
    <UnitTestResult executionId="b752f981-e0ea-425a-88b5-99cfbaa46291" testId="b76b2936-c7f7-dfd1-edbe-e147e1e21b03" testName="SlowTests.Corax.GrowableBufferTests.CanExtendAndNotLooseAnything(size: 4194304)" computerName="97d806bf104e" duration="00:00:20.8058058" startTime="2026-05-01T02:09:09.5226378+00:00" endTime="2026-05-01T02:09:30.3285475+00:00" testType="13cdc9d9-ddb5-4fa4-a97d-d965ccfc6d4b" outcome="Passed" testListId="8c84fa94-04c1-424b-9868-57a2d4851a1d" relativeResultsDirectory="b752f981-e0ea-425a-88b5-99cfbaa46291" />
    <UnitTestResult executionId="9dcf13bf-4c50-4bc5-9294-403cb9430235" testId="ac676d5f-48ef-f56a-5e74-df0d87347603" testName="SlowTests.Corax.RavenDB_26091_MultiSorting.CanChangeOrderOfTheNullsWhenMultiFieldSortingAlphaNumeric(options:  DatabaseMode = Single , SearchEngineMode = Corax, nullFirst: False, isAutoIndex: True, isAscending: False, fieldFirst: True)" computerName="97d806bf104e" duration="00:00:00.6395340" startTime="2026-05-01T02:13:57.3655905+00:00" endTime="2026-05-01T02:13:58.0051431+00:00" testType="13cdc9d9-ddb5-4fa4-a97d-d965ccfc6d4b" outcome="Passed" testListId="8c84fa94-04c1-424b-9868-57a2d4851a1d" relativeResultsDirectory="9dcf13bf-4c50-4bc5-9294-403cb9430235" />
    <UnitTestResult executionId="5f9e2afb-742c-4288-a6a3-7595082c9275" testId="2017fdaa-1479-ee5a-b0e5-237572f68690" testName="SlowTests.Corax.RavenDB_26091_MultiSorting.CanChangeOrderOfTheNullsWhenMultiFieldSortingString(options:  DatabaseMode = Sharded , SearchEngineMode = Corax, nullFirst: True, isAutoIndex: False, isAscending: False, fieldFirst: False)" computerName="97d806bf104e" duration="00:00:01.3000035" startTime="2026-05-01T02:11:46.9862751+00:00" endTime="2026-05-01T02:11:48.2862960+00:00" testType="13cdc9d9-ddb5-4fa4-a97d-d965ccfc6d4b" outcome="Passed" testListId="8c84fa94-04c1-424b-9868-57a2d4851a1d" relativeResultsDirectory="5f9e2afb-742c-4288-a6a3-7595082c9275" />
    <UnitTestResult executionId="4d92b6f7-9648-4f1a-9ae4-8e6b5043c5cf" testId="ac676d5f-48ef-f56a-5e74-df0d87347603" testName="SlowTests.Corax.RavenDB_26091_MultiSorting.CanChangeOrderOfTheNullsWhenMultiFieldSortingAlphaNumeric(options:  DatabaseMode = Single , SearchEngineMode = Corax, nullFirst: True, isAutoIndex: False, isAscending: False, fieldFirst: True)" computerName="97d806bf104e" duration="00:00:00.2807606" startTime="2026-05-01T02:13:50.3649321+00:00" endTime="2026-05-01T02:13:50.6457091+00:00" testType="13cdc9d9-ddb5-4fa4-a97d-d965ccfc6d4b" outcome="Passed" testListId="8c84fa94-04c1-424b-9868-57a2d4851a1d" relativeResultsDirectory="4d92b6f7-9648-4f1a-9ae4-8e6b5043c5cf" />
    <UnitTestResult executionId="eca60985-428e-48c4-bbc5-f60b49ce0445" testId="164038bb-b764-5aa6-06d2-d32a3b69f2b9" testName="SlowTests.Server.Documents.AI.Embeddings.LoadVectorFromExternalDocumentTests.CanIndexMultipleVectorGeneratedByEtlForDifferentDocument" computerName="97d806bf104e" duration="00:00:06.1821859" startTime="2026-05-01T02:09:25.0086114+00:00" endTime="2026-05-01T02:09:31.1908211+00:00" testType="13cdc9d9-ddb5-4fa4-a97d-d965ccfc6d4b" outcome="Passed" testListId="8c84fa94-04c1-424b-9868-57a2d4851a1d" relativeResultsDirectory="eca60985-428e-48c4-bbc5-f60b49ce0445" />
    <UnitTestResult executionId="3889dd8d-a27e-4599-8328-262c430e7a18" testId="8f374017-cb00-9599-bd3e-bfe881eadcbe" testName="SlowTests.Corax.RavenDB_26091_MultiSorting.CanChangeOrderOfTheNullsWhenMultiFieldSortingInt(options:  DatabaseMode = Sharded , SearchEngineMode = Corax, nullFirst: False, isAutoIndex: True, isAscending: True, fieldFirst: False)" computerName="97d806bf104e" duration="00:00:01.2269831" startTime="2026-05-01T02:12:44.1888112+00:00" endTime="2026-05-01T02:12:45.4158147+00:00" testType="13cdc9d9-ddb5-4fa4-a97d-d965ccfc6d4b" outcome="Passed" testListId="8c84fa94-04c1-424b-9868-57a2d4851a1d" relativeResultsDirectory="3889dd8d-a27e-4599-8328-262c430e7a18" />
    <UnitTestResult executionId="53362edb-eed1-465f-a4ec-19a5e1255ea3" testId="8f374017-cb00-9599-bd3e-bfe881eadcbe" testName="SlowTests.Corax.RavenDB_26091_MultiSorting.CanChangeOrderOfTheNullsWhenMultiFieldSortingInt(options:  DatabaseMode = Single , SearchEngineMode = Corax, nullFirst: False, isAutoIndex: False, isAscending: True, fieldFirst: False)" computerName="97d806bf104e" duration="00:00:00.3561284" startTime="2026-05-01T02:12:53.8017160+00:00" endTime="2026-05-01T02:12:54.1578604+00:00" testType="13cdc9d9-ddb5-4fa4-a97d-d965ccfc6d4b" outcome="Passed" testListId="8c84fa94-04c1-424b-9868-57a2d4851a1d" relativeResultsDirectory="53362edb-eed1-465f-a4ec-19a5e1255ea3" />
    <UnitTestResult executionId="787a3665-32af-4fc7-ad98-7c2d748ff3b8" testId="53379634-ffc1-2734-c35f-c4cc641fe18a" testName="SlowTests.Corax.CoraxSlowQueryTests.MaxSuggestionsShouldWork(options:  DatabaseMode = Sharded , SearchEngineMode = Corax)" computerName="97d806bf104e" duration="00:00:04.3521780" startTime="2026-05-01T01:55:34.8469495+00:00" endTime="2026-05-01T01:55:39.1991718+00:00" testType="13cdc9d9-ddb5-4fa4-a97d-d965ccfc6d4b" outcome="Passed" testListId="8c84fa94-04c1-424b-9868-57a2d4851a1d" relativeResultsDirectory="787a3665-32af-4fc7-ad98-7c2d748ff3b8" />
    <UnitTestResult executionId="ac64a1b8-1987-490b-b6ee-96910603a8e3" testId="a57f9350-9243-489e-a40b-3c84f1408232" testName="SlowTests.Corax.RavenDB_21430.SearchComplexField" computerName="97d806bf104e" duration="00:00:04.4979338" startTime="2026-05-01T02:02:35.2633075+00:00" endTime="2026-05-01T02:02:39.7616829+00:00" testType="13cdc9d9-ddb5-4fa4-a97d-d965ccfc6d4b" outcome="Failed" testListId="8c84fa94-04c1-424b-9868-57a2d4851a1d" relativeResultsDirectory="ac64a1b8-1987-490b-b6ee-96910603a8e3">
      <Output>
        <ErrorInfo>
          <Message>Assert.Equal() Failure: Values differ
Expected: 0
Actual:   1</Message>
          <StackTrace>   at SlowTests.Corax.RavenDB_21430.SearchComplexField() in /work/ravendb/RavenDB-25281/test/SlowTests/Corax/RavenDB-21430.cs:line 90
--- End of stack trace from previous location ---</StackTrace>
        </ErrorInfo>
      </Output>
    </UnitTestResult>
    <UnitTestResult executionId="06e99bcf-123f-4d4a-8235-e29e8eccef8a" testId="67c4bdd7-eeb7-db24-95ad-e1f2a3846007" testName="SlowTests.Voron.Graphs.HnswSearch.FilteredFillWithSmallPostingListLargerThanMatchesBufferDoesNotInfiniteLoop" computerName="97d806bf104e" duration="00:00:00.3266210" startTime="2026-05-01T02:00:09.9347219+00:00" endTime="2026-05-01T02:00:10.2613796+00:00" testType="13cdc9d9-ddb5-4fa4-a97d-d965ccfc6d4b" outcome="Passed" testListId="8c84fa94-04c1-424b-9868-57a2d4851a1d" relativeResultsDirectory="06e99bcf-123f-4d4a-8235-e29e8eccef8a" />
    <UnitTestResult executionId="d2f51956-e03e-4c97-9626-b6b8a8e2dea5" testId="2017fdaa-1479-ee5a-b0e5-237572f68690" testName="SlowTests.Corax.RavenDB_26091_MultiSorting.CanChangeOrderOfTheNullsWhenMultiFieldSortingString(options:  DatabaseMode = Single , SearchEngineMode = Corax, nullFirst: False, isAutoIndex: False, isAscending: True, fieldFirst: False)" computerName="97d806bf104e" duration="00:00:00.4260377" startTime="2026-05-01T02:11:59.1152758+00:00" endTime="2026-05-01T02:11:59.5413376+00:00" testType="13cdc9d9-ddb5-4fa4-a97d-d965ccfc6d4b" outcome="Passed" testListId="8c84fa94-04c1-424b-9868-57a2d4851a1d" relativeResultsDirectory="d2f51956-e03e-4c97-9626-b6b8a8e2dea5" />
    <UnitTestResult executionId="bf9046cf-98d6-4429-b362-1734c6958ad6" testId="6b368aca-62ae-ef95-364c-241ed817008c" testName="SlowTests.Corax.IndexSearcherTestExtended.AndInStatementAndWhitespaceTokenizer(setSize: 11859, stackSize: 18)" computerName="97d806bf104e" duration="00:00:00.3527908" startTime="2026-05-01T02:00:06.3499886+00:00" endTime="2026-05-01T02:00:06.7028277+00:00" testType="13cdc9d9-ddb5-4fa4-a97d-d965ccfc6d4b" outcome="Passed" testListId="8c84fa94-04c1-424b-9868-57a2d4851a1d" relativeResultsDirectory="bf9046cf-98d6-4429-b362-1734c6958ad6" />
    <UnitTestResult executionId="aa7038fe-dc94-4f65-a879-3b697284b17c" testId="ac676d5f-48ef-f56a-5e74-df0d87347603" testName="SlowTests.Corax.RavenDB_26091_MultiSorting.CanChangeOrderOfTheNullsWhenMultiFieldSortingAlphaNumeric(options:  DatabaseMode = Single , SearchEngineMode = Corax, nullFirst: True, isAutoIndex: False, isAscending: True, fieldFirst: True)" computerName="97d806bf104e" duration="00:00:00.6943757" startTime="2026-05-01T02:13:43.7865891+00:00" endTime="2026-05-01T02:13:44.4809819+00:00" testType="13cdc9d9-ddb5-4fa4-a97d-d965ccfc6d4b" outcome="Passed" testListId="8c84fa94-04c1-424b-9868-57a2d4851a1d" relativeResultsDirectory="aa7038fe-dc94-4f65-a879-3b697284b17c" />
    <UnitTestResult executionId="e9457d20-58d9-44d3-9f6b-9ede363df35b" testId="615bfb50-d2d9-f43a-38b0-e02df4cf80e5" testName="SlowTests.Corax.RavenDB_23453_Integration.VectorAnd(disableScanning: False, isExact: True)" computerName="97d806bf104e" duration="00:00:01.1107058" startTime="2026-05-01T02:03:53.2791874+00:00" endTime="2026-05-01T02:03:54.3902779+00:00" testType="13cdc9d9-ddb5-4fa4-a97d-d965ccfc6d4b" outcome="Failed" testListId="8c84fa94-04c1-424b-9868-57a2d4851a1d" relativeResultsDirectory="e9457d20-58d9-44d3-9f6b-9ede363df35b">
      <Output>
        <ErrorInfo>
          <Message>Assert.Equal() Failure: Values differ
Expected: 6
Actual:   5</Message>
          <StackTrace>   at SlowTests.Corax.RavenDB_23453_Integration.VectorAnd(Boolean disableScanning, Boolean isExact) in /work/ravendb/RavenDB-25281/test/SlowTests/Corax/RavenDB_23453.cs:line 39
--- End of stack trace from previous location ---</StackTrace>
        </ErrorInfo>
      </Output>
    </UnitTestResult>
    <UnitTestResult executionId="d11929a3-0685-48f7-a77d-08f17311102c" testId="4f6b06ca-2671-fc5f-0251-16fd3b0fb93f" testName="SlowTests.Corax.RavenDB_26091_MultiSorting.CanChangeOrderOfTheNullsWhenMultiFieldSortingSpatial(options:  DatabaseMode = Sharded , SearchEngineMode = Corax, nullFirst: True, isAutoIndex: False, isAscending: True, fieldFirst: True)" computerName="97d806bf104e" duration="00:00:00.9354577" startTime="2026-05-01T02:12:12.2597081+00:00" endTime="2026-05-01T02:12:13.1951847+00:00" testType="13cdc9d9-ddb5-4fa4-a97d-d965ccfc6d4b" outcome="Passed" testListId="8c84fa94-04c1-424b-9868-57a2d4851a1d" relativeResultsDirectory="d11929a3-0685-48f7-a77d-08f17311102c" />
    <UnitTestResult executionId="fffafd4d-a404-44df-bbc8-5143b6c56c06" testId="526e0fb9-1870-f62d-b937-6073852d994d" testName="SlowTests.Corax.IndexSearcherTestExtended.AndInStatement(setSize: 100000, stackSize: 2046)" computerName="97d806bf104e" duration="00:00:02.0846446" startTime="2026-05-01T02:00:07.3325253+00:00" endTime="2026-05-01T02:00:09.4172083+00:00" testType="13cdc9d9-ddb5-4fa4-a97d-d965ccfc6d4b" outcome="Passed" testListId="8c84fa94-04c1-424b-9868-57a2d4851a1d" relativeResultsDirectory="fffafd4d-a404-44df-bbc8-5143b6c56c06" />
    <UnitTestResult executionId="de3e1343-7166-4997-91e8-ca579201614c" testId="8f374017-cb00-9599-bd3e-bfe881eadcbe" testName="SlowTests.Corax.RavenDB_26091_MultiSorting.CanChangeOrderOfTheNullsWhenMultiFieldSortingInt(options:  DatabaseMode = Single , SearchEngineMode = Corax, nullFirst: True, isAutoIndex: False, isAscending: True, fieldFirst: False)" computerName="97d806bf104e" duration="00:00:00.7617893" startTime="2026-05-01T02:12:36.2512590+00:00" endTime="2026-05-01T02:12:37.0130684+00:00" testType="13cdc9d9-ddb5-4fa4-a97d-d965ccfc6d4b" outcome="Passed" testListId="8c84fa94-04c1-424b-9868-57a2d4851a1d" relativeResultsDirectory="de3e1343-7166-4997-91e8-ca579201614c" />
    <UnitTestResult executionId="68fd8692-4b4b-4f15-86c0-94ad1bd436de" testId="8f374017-cb00-9599-bd3e-bfe881eadcbe" testName="SlowTests.Corax.RavenDB_26091_MultiSorting.CanChangeOrderOfTheNullsWhenMultiFieldSortingInt(options:  DatabaseMode = Single , SearchEngineMode = Corax, nullFirst: True, isAutoIndex: False, isAscending: False, fieldFirst: False)" computerName="97d806bf104e" duration="00:00:00.2752540" startTime="2026-05-01T02:12:40.8964190+00:00" endTime="2026-05-01T02:12:41.1716910+00:00" testType="13cdc9d9-ddb5-4fa4-a97d-d965ccfc6d4b" outcome="Passed" testListId="8c84fa94-04c1-424b-9868-57a2d4851a1d" relativeResultsDirectory="68fd8692-4b4b-4f15-86c0-94ad1bd436de" />
    <UnitTestResult executionId="511f17dd-62f3-4d26-b493-8e1c28ebf183" testId="ac676d5f-48ef-f56a-5e74-df0d87347603" testName="SlowTests.Corax.RavenDB_26091_MultiSorting.CanChangeOrderOfTheNullsWhenMultiFieldSortingAlphaNumeric(options:  DatabaseMode = Single , SearchEngineMode = Corax, nullFirst: False, isAutoIndex: False, isAscending: True, fieldFirst: True)" computerName="97d806bf104e" duration="00:00:00.6494861" startTime="2026-05-01T02:14:04.5696594+00:00" endTime="2026-05-01T02:14:05.2191683+00:00" testType="13cdc9d9-ddb5-4fa4-a97d-d965ccfc6d4b" outcome="Passed" testListId="8c84fa94-04c1-424b-9868-57a2d4851a1d" relativeResultsDirectory="511f17dd-62f3-4d26-b493-8e1c28ebf183" />
    <UnitTestResult executionId="9479e75c-0750-4a57-b753-d6803528f582" testId="c3559fc9-65a5-cb54-e08b-14ef0d1b36ec" testName="SlowTests.Corax.RavenDB_26091_MultiSorting.CanChangeOrderOfTheNullsWhenMultiFieldSortingDouble(options:  DatabaseMode = Sharded , SearchEngineMode = Corax, nullFirst: True, isAutoIndex: True, isAscending: False, fieldFirst: False)" computerName="97d806bf104e" duration="00:00:01.3423518" startTime="2026-05-01T02:13:03.5686534+00:00" endTime="2026-05-01T02:13:04.9110258+00:00" testType="13cdc9d9-ddb5-4fa4-a97d-d965ccfc6d4b" outcome="Passed" testListId="8c84fa94-04c1-424b-9868-57a2d4851a1d" relativeResultsDirectory="9479e75c-0750-4a57-b753-d6803528f582" />
    <UnitTestResult executionId="1f9b6951-c361-423e-8a00-f716335d6d34" testId="c3559fc9-65a5-cb54-e08b-14ef0d1b36ec" testName="SlowTests.Corax.RavenDB_26091_MultiSorting.CanChangeOrderOfTheNullsWhenMultiFieldSortingDouble(options:  DatabaseMode = Single , SearchEngineMode = Corax, nullFirst: True, isAutoIndex: True, isAscending: False, fieldFirst: False)" computerName="97d806bf104e" duration="00:00:00.2924836" startTime="2026-05-01T02:13:03.2761377+00:00" endTime="2026-05-01T02:13:03.5686378+00:00" testType="13cdc9d9-ddb5-4fa4-a97d-d965ccfc6d4b" outcome="Passed" testListId="8c84fa94-04c1-424b-9868-57a2d4851a1d" relativeResultsDirectory="1f9b6951-c361-423e-8a00-f716335d6d34" />
    <UnitTestResult executionId="391a2d2d-967f-4634-827a-5db05eb13f89" testId="0bcf2f38-0a29-d191-94fb-823911499ac0" testName="SlowTests.Corax.RavenDB_26091.CanChangeOrderOfTheNullsWhenSortingDouble(options:  DatabaseMode = Single , SearchEngineMode = Corax, nullFirst: False, isAutoIndex: False, isAscending: False, forceSortUsingIndex: True)" computerName="97d806bf104e" duration="00:00:00.6219213" startTime="2026-05-01T01:58:38.7375889+00:00" endTime="2026-05-01T01:58:39.3598324+00:00" testType="13cdc9d9-ddb5-4fa4-a97d-d965ccfc6d4b" outcome="Failed" testListId="8c84fa94-04c1-424b-9868-57a2d4851a1d" relativeResultsDirectory="391a2d2d-967f-4634-827a-5db05eb13f89">
      <Output>
        <ErrorInfo>
          <Message>Assert.Equal() Failure: Strings differ
           ↓ (pos 0)
Expected: "MultiTermMatch"
Actual:   "CompiledQueryMatch"
           ↑ (pos 0)</Message>
          <StackTrace>   at SlowTests.Corax.RavenDB_26091.CanChangeOrderOfTheNullsWhenSortingDouble(Options options, Boolean nullFirst, Boolean isAutoIndex, Boolean isAscending, Boolean forceSortUsingIndex) in /work/ravendb/RavenDB-25281/test/SlowTests/Corax/RavenDB-26091.cs:line 237
--- End of stack trace from previous location ---</StackTrace>
        </ErrorInfo>
      </Output>
    </UnitTestResult>
    <UnitTestResult executionId="a9c4b786-311d-485a-b8a5-9dbb8d2f7d6c" testId="cbf60cf8-e075-920f-d12d-097acb532555" testName="SlowTests.Corax.RavenDB_23453_Integration.VectorAnd(disableScanning: True, isExact: False)" computerName="97d806bf104e" duration="00:00:01.6055549" startTime="2026-05-01T02:03:55.1766996+00:00" endTime="2026-05-01T02:03:56.7825717+00:00" testType="13cdc9d9-ddb5-4fa4-a97d-d965ccfc6d4b" outcome="Failed" testListId="8c84fa94-04c1-424b-9868-57a2d4851a1d" relativeResultsDirectory="a9c4b786-311d-485a-b8a5-9dbb8d2f7d6c">
      <Output>
        <ErrorInfo>
          <Message>Assert.Equal() Failure: Values differ
Expected: 6
Actual:   5</Message>
          <StackTrace>   at SlowTests.Corax.RavenDB_23453_Integration.VectorAnd(Boolean disableScanning, Boolean isExact) in /work/ravendb/RavenDB-25281/test/SlowTests/Corax/RavenDB_23453.cs:line 39
--- End of stack trace from previous location ---</StackTrace>
        </ErrorInfo>
      </Output>
    </UnitTestResult>
    <UnitTestResult executionId="4d925d52-7818-4c26-9cb2-08f9890aad8f" testId="af4338fb-91c4-eb9f-b903-f267015d760c" testName="SlowTests.Corax.RavenDB_26091.CanChangeOrderOfTheNullsWhenSortingString(options:  DatabaseMode = Sharded , SearchEngineMode = Corax, nullFirst: True, isAutoIndex: True, isAscending: False, forceSortUsingIndex: False)" computerName="97d806bf104e" duration="00:00:03.2930758" startTime="2026-05-01T01:57:07.6307858+00:00" endTime="2026-05-01T01:57:10.9238933+00:00" testType="13cdc9d9-ddb5-4fa4-a97d-d965ccfc6d4b" outcome="Passed" testListId="8c84fa94-04c1-424b-9868-57a2d4851a1d" relativeResultsDirectory="4d925d52-7818-4c26-9cb2-08f9890aad8f" />
    <UnitTestResult executionId="5806f894-4fc1-4f42-835e-8593e065d9b4" testId="2017fdaa-1479-ee5a-b0e5-237572f68690" testName="SlowTests.Corax.RavenDB_26091_MultiSorting.CanChangeOrderOfTheNullsWhenMultiFieldSortingString(options:  DatabaseMode = Sharded , SearchEngineMode = Corax, nullFirst: True, isAutoIndex: True, isAscending: True, fieldFirst: True)" computerName="97d806bf104e" duration="00:00:09.7162190" startTime="2026-05-01T02:10:48.7188454+00:00" endTime="2026-05-01T02:10:58.4350832+00:00" testType="13cdc9d9-ddb5-4fa4-a97d-d965ccfc6d4b" outcome="Passed" testListId="8c84fa94-04c1-424b-9868-57a2d4851a1d" relativeResultsDirectory="5806f894-4fc1-4f42-835e-8593e065d9b4" />
    <UnitTestResult executionId="8693a3ef-6023-4c42-843d-5930a014bc8b" testId="f1e490f8-5f09-4da8-6f4d-febffa2f7e3f" testName="SlowTests.Corax.Bugs.RavenDB_21609.SortingWillReturnExactlySameResultsAndQueryWithoutSortingMatch(seed: 2116002769)" computerName="97d806bf104e" duration="00:00:10.2523942" startTime="2026-05-01T02:01:20.0552958+00:00" endTime="2026-05-01T02:01:30.3080418+00:00" testType="13cdc9d9-ddb5-4fa4-a97d-d965ccfc6d4b" outcome="Failed" testListId="8c84fa94-04c1-424b-9868-57a2d4851a1d" relativeResultsDirectory="8693a3ef-6023-4c42-843d-5930a014bc8b">
      <Output>
        <ErrorInfo>
          <Message>Assert.Equal() Failure: Values differ
Expected: 720
Actual:   0</Message>
          <StackTrace>   at SlowTests.Corax.Bugs.RavenDB_21609.SortingWillReturnExactlySameResultsAndQueryWithoutSortingMatch(Int32 seed) in /work/ravendb/RavenDB-25281/test/SlowTests/Corax/Bugs/RavenDB-21609.cs:line 70
   at InvokeStub_RavenDB_21609.SortingWillReturnExactlySameResultsAndQueryWithoutSortingMatch(Object, Span`1)
   at System.Reflection.MethodBaseInvoker.InvokeWithOneArg(Object obj, BindingFlags invokeAttr, Binder binder, Object[] parameters, CultureInfo culture)</StackTrace>
        </ErrorInfo>
      </Output>
    </UnitTestResult>
    <UnitTestResult executionId="04169454-6603-4a17-9418-5839f78d6d3c" testId="1438ac4a-d8f8-c439-56c6-a53009a52956" testName="SlowTests.Corax.RavenDB_21818.ScoreAsSecondaryComparerWithIndexBoostAndIncludeScore(type: AlphaNumeric)" computerName="97d806bf104e" duration="00:00:00.9937094" startTime="2026-05-01T02:01:41.6844587+00:00" endTime="2026-05-01T02:01:42.6782003+00:00" testType="13cdc9d9-ddb5-4fa4-a97d-d965ccfc6d4b" outcome="Passed" testListId="8c84fa94-04c1-424b-9868-57a2d4851a1d" relativeResultsDirectory="04169454-6603-4a17-9418-5839f78d6d3c" />
    <UnitTestResult executionId="a5fdebee-071f-4506-ab99-88258283ccb9" testId="4f6b06ca-2671-fc5f-0251-16fd3b0fb93f" testName="SlowTests.Corax.RavenDB_26091_MultiSorting.CanChangeOrderOfTheNullsWhenMultiFieldSortingSpatial(options:  DatabaseMode = Sharded , SearchEngineMode = Corax, nullFirst: False, isAutoIndex: True, isAscending: True, fieldFirst: False)" computerName="97d806bf104e" duration="00:00:00.6488514" startTime="2026-05-01T02:12:17.3697256+00:00" endTime="2026-05-01T02:12:18.0185929+00:00" testType="13cdc9d9-ddb5-4fa4-a97d-d965ccfc6d4b" outcome="Passed" testListId="8c84fa94-04c1-424b-9868-57a2d4851a1d" relativeResultsDirectory="a5fdebee-071f-4506-ab99-88258283ccb9" />
    <UnitTestResult executionId="876baebd-303f-4fff-a59f-dae0c3053980" testId="4f6b06ca-2671-fc5f-0251-16fd3b0fb93f" testName="SlowTests.Corax.RavenDB_26091_MultiSorting.CanChangeOrderOfTheNullsWhenMultiFieldSortingSpatial(options:  DatabaseMode = Sharded , SearchEngineMode = Corax, nullFirst: True, isAutoIndex: False, isAscending: False, fieldFirst: True)" computerName="97d806bf104e" duration="00:00:00.8125386" startTime="2026-05-01T02:12:14.4852090+00:00" endTime="2026-05-01T02:12:15.2977639+00:00" testType="13cdc9d9-ddb5-4fa4-a97d-d965ccfc6d4b" outcome="Passed" testListId="8c84fa94-04c1-424b-9868-57a2d4851a1d" relativeResultsDirectory="876baebd-303f-4fff-a59f-dae0c3053980" />
    <UnitTestResult executionId="217b6603-c0b6-479e-9e96-fc44c3dfe6cb" testId="c3559fc9-65a5-cb54-e08b-14ef0d1b36ec" testName="SlowTests.Corax.RavenDB_26091_MultiSorting.CanChangeOrderOfTheNullsWhenMultiFieldSortingDouble(options:  DatabaseMode = Sharded , SearchEngineMode = Corax, nullFirst: False, isAutoIndex: True, isAscending: False, fieldFirst: False)" computerName="97d806bf104e" duration="00:00:01.7567282" startTime="2026-05-01T02:13:25.5451369+00:00" endTime="2026-05-01T02:13:27.3018824+00:00" testType="13cdc9d9-ddb5-4fa4-a97d-d965ccfc6d4b" outcome="Passed" testListId="8c84fa94-04c1-424b-9868-57a2d4851a1d" relativeResultsDirectory="217b6603-c0b6-479e-9e96-fc44c3dfe6cb" />
    <UnitTestResult executionId="58895265-dfb0-4b22-b4c2-6cdc91964e84" testId="ac676d5f-48ef-f56a-5e74-df0d87347603" testName="SlowTests.Corax.RavenDB_26091_MultiSorting.CanChangeOrderOfTheNullsWhenMultiFieldSortingAlphaNumeric(options:  DatabaseMode = Sharded , SearchEngineMode = Corax, nullFirst: True, isAutoIndex: True, isAscending: True, fieldFirst: False)" computerName="97d806bf104e" duration="00:00:01.0806844" startTime="2026-05-01T02:13:39.2432346+00:00" endTime="2026-05-01T02:13:40.3239378+00:00" testType="13cdc9d9-ddb5-4fa4-a97d-d965ccfc6d4b" outcome="Passed" testListId="8c84fa94-04c1-424b-9868-57a2d4851a1d" relativeResultsDirectory="58895265-dfb0-4b22-b4c2-6cdc91964e84" />
[...]
      </RunInfo>
      <RunInfo computerName="97d806bf104e" outcome="Error" timestamp="2026-05-01T01:58:59.9855688+00:00">
        <Text>[xUnit.net 00:04:24.93]     SlowTests.Corax.RavenDB_26091.CanChangeOrderOfTheNullsWhenSortingAlphaNumeric(options:  DatabaseMode = Single , SearchEngineMode = Corax, nullFirst: False, isAutoIndex: False, isAscending: True) [FAIL]</Text>
      </RunInfo>
      <RunInfo computerName="97d806bf104e" outcome="Error" timestamp="2026-05-01T01:59:03.5684811+00:00">
        <Text>[xUnit.net 00:04:28.60]     SlowTests.Corax.RavenDB_26091.CanChangeOrderOfTheNullsWhenSortingAlphaNumeric(options:  DatabaseMode = Single , SearchEngineMode = Corax, nullFirst: False, isAutoIndex: False, isAscending: False) [FAIL]</Text>
      </RunInfo>
      <RunInfo computerName="97d806bf104e" outcome="Error" timestamp="2026-05-01T01:59:05.9082877+00:00">
        <Text>[xUnit.net 00:04:30.94]     SlowTests.Corax.RavenDB_25930.CompoundFieldShouldNotImpactQueryBuilderPlanWhenIsNotUsed [FAIL]</Text>
      </RunInfo>
      <RunInfo computerName="97d806bf104e" outcome="Error" timestamp="2026-05-01T01:59:09.3388350+00:00">
        <Text>[xUnit.net 00:04:34.37]     SlowTests.Corax.RavenDB_26091.CanChangeOrderOfTheNullsWhenStreamingSortingInt(options:  DatabaseMode = Single , SearchEngineMode = Corax, nullFirst: True, isAutoIndex: True, isAscending: True) [FAIL]</Text>
      </RunInfo>
      <RunInfo computerName="97d806bf104e" outcome="Error" timestamp="2026-05-01T01:59:15.7037007+00:00">
        <Text>[xUnit.net 00:04:40.74]     SlowTests.Corax.RavenDB_26091.CanChangeOrderOfTheNullsWhenStreamingSortingInt(options:  DatabaseMode = Single , SearchEngineMode = Corax, nullFirst: True, isAutoIndex: True, isAscending: False) [FAIL]</Text>
      </RunInfo>
      <RunInfo computerName="97d806bf104e" outcome="Error" timestamp="2026-05-01T01:59:19.6882241+00:00">
        <Text>[xUnit.net 00:04:44.72]     SlowTests.Corax.RavenDB_26091.CanChangeOrderOfTheNullsWhenStreamingSortingInt(options:  DatabaseMode = Single , SearchEngineMode = Corax, nullFirst: True, isAutoIndex: False, isAscending: True) [FAIL]</Text>
      </RunInfo>
      <RunInfo computerName="97d806bf104e" outcome="Error" timestamp="2026-05-01T01:59:23.5219588+00:00">
        <Text>[xUnit.net 00:04:48.56]     SlowTests.Corax.RavenDB_26091.CanChangeOrderOfTheNullsWhenStreamingSortingInt(options:  DatabaseMode = Single , SearchEngineMode = Corax, nullFirst: True, isAutoIndex: False, isAscending: False) [FAIL]</Text>
      </RunInfo>
      <RunInfo computerName="97d806bf104e" outcome="Error" timestamp="2026-05-01T01:59:27.2970228+00:00">
        <Text>[xUnit.net 00:04:52.33]     SlowTests.Corax.RavenDB_26091.CanChangeOrderOfTheNullsWhenStreamingSortingInt(options:  DatabaseMode = Single , SearchEngineMode = Corax, nullFirst: False, isAutoIndex: True, isAscending: True) [FAIL]</Text>
      </RunInfo>
      <RunInfo computerName="97d806bf104e" outcome="Error" timestamp="2026-05-01T01:59:40.5808797+00:00">
        <Text>[xUnit.net 00:05:05.62]     SlowTests.Corax.RavenDB_26091.CanChangeOrderOfTheNullsWhenStreamingSortingInt(options:  DatabaseMode = Single , SearchEngineMode = Corax, nullFirst: False, isAutoIndex: True, isAscending: False) [FAIL]</Text>
      </RunInfo>
      <RunInfo computerName="97d806bf104e" outcome="Error" timestamp="2026-05-01T01:59:47.4431994+00:00">
        <Text>[xUnit.net 00:05:12.48]     SlowTests.Corax.RavenDB_26091.CanChangeOrderOfTheNullsWhenStreamingSortingInt(options:  DatabaseMode = Single , SearchEngineMode = Corax, nullFirst: False, isAutoIndex: False, isAscending: True) [FAIL]</Text>
      </RunInfo>
      <RunInfo computerName="97d806bf104e" outcome="Error" timestamp="2026-05-01T01:59:54.0306019+00:00">
        <Text>[xUnit.net 00:05:19.07]     SlowTests.Corax.RavenDB_26091.CanChangeOrderOfTheNullsWhenStreamingSortingInt(options:  DatabaseMode = Single , SearchEngineMode = Corax, nullFirst: False, isAutoIndex: False, isAscending: False) [FAIL]</Text>
      </RunInfo>
      <RunInfo computerName="97d806bf104e" outcome="Error" timestamp="2026-05-01T02:00:02.2725866+00:00">
        <Text>[xUnit.net 00:05:27.31]     SlowTests.Corax.RavenDB_26091.CanChangeOrderOfTheNullsWhenSortingInt(options:  DatabaseMode = Single , SearchEngineMode = Corax, nullFirst: True, isAutoIndex: True, isAscending: True, forceSortUsingIndex: True) [FAIL]</Text>
      </RunInfo>
      <RunInfo computerName="97d806bf104e" outcome="Error" timestamp="2026-05-01T02:00:03.0291418+00:00">
        <Text>[xUnit.net 00:05:28.06]     SlowTests.Corax.RavenDB_26091.CanChangeOrderOfTheNullsWhenSortingInt(options:  DatabaseMode = Single , SearchEngineMode = Corax, nullFirst: True, isAutoIndex: True, isAscending: True, forceSortUsingIndex: False) [FAIL]</Text>
      </RunInfo>
      <RunInfo computerName="97d806bf104e" outcome="Error" timestamp="2026-05-01T02:00:05.3266162+00:00">
        <Text>[xUnit.net 00:05:30.36]     SlowTests.Corax.RavenDB_26091.CanChangeOrderOfTheNullsWhenSortingInt(options:  DatabaseMode = Single , SearchEngineMode = Corax, nullFirst: True, isAutoIndex: True, isAscending: False, forceSortUsingIndex: True) [FAIL]</Text>
      </RunInfo>
      <RunInfo computerName="97d806bf104e" outcome="Error" timestamp="2026-05-01T02:00:05.7739227+00:00">
        <Text>[xUnit.net 00:05:30.81]     SlowTests.Corax.RavenDB_26091.CanChangeOrderOfTheNullsWhenSortingInt(options:  DatabaseMode = Single , SearchEngineMode = Corax, nullFirst: True, isAutoIndex: True, isAscending: False, forceSortUsingIndex: False) [FAIL]</Text>
      </RunInfo>
      <RunInfo computerName="97d806bf104e" outcome="Error" timestamp="2026-05-01T02:00:08.5265625+00:00">
        <Text>[xUnit.net 00:05:33.56]     SlowTests.Corax.RavenDB_26091.CanChangeOrderOfTheNullsWhenSortingInt(options:  DatabaseMode = Single , SearchEngineMode = Corax, nullFirst: True, isAutoIndex: False, isAscending: True, forceSortUsingIndex: True) [FAIL]</Text>
      </RunInfo>
      <RunInfo computerName="97d806bf104e" outcome="Error" timestamp="2026-05-01T02:00:09.4245052+00:00">
        <Text>[xUnit.net 00:05:34.46]     SlowTests.Corax.RavenDB_26091.CanChangeOrderOfTheNullsWhenSortingInt(options:  DatabaseMode = Single , SearchEngineMode = Corax, nullFirst: True, isAutoIndex: False, isAscending: True, forceSortUsingIndex: False) [FAIL]</Text>
      </RunInfo>
      <RunInfo computerName="97d806bf104e" outcome="Error" timestamp="2026-05-01T02:00:11.6455571+00:00">
        <Text>[xUnit.net 00:05:36.68]     SlowTests.Corax.RavenDB_26091.CanChangeOrderOfTheNullsWhenSortingInt(options:  DatabaseMode = Single , SearchEngineMode = Corax, nullFirst: True, isAutoIndex: False, isAscending: False, forceSortUsingIndex: True) [FAIL]</Text>
      </RunInfo>
      <RunInfo computerName="97d806bf104e" outcome="Error" timestamp="2026-05-01T02:00:12.1245801+00:00">
        <Text>[xUnit.net 00:05:37.16]     SlowTests.Corax.RavenDB_26091.CanChangeOrderOfTheNullsWhenSortingInt(options:  DatabaseMode = Single , SearchEngineMode = Corax, nullFirst: True, isAutoIndex: False, isAscending: False, forceSortUsingIndex: False) [FAIL]</Text>
      </RunInfo>
      <RunInfo computerName="97d806bf104e" outcome="Error" timestamp="2026-05-01T02:00:14.0858136+00:00">
        <Text>[xUnit.net 00:05:39.12]     SlowTests.Corax.RavenDB_26091.CanChangeOrderOfTheNullsWhenSortingInt(options:  DatabaseMode = Single , SearchEngineMode = Corax, nullFirst: False, isAutoIndex: True, isAscending: True, forceSortUsingIndex: True) [FAIL]</Text>
      </RunInfo>
      <RunInfo computerName="97d806bf104e" outcome="Error" timestamp="2026-05-01T02:00:14.7598589+00:00">
        <Text>[xUnit.net 00:05:39.80]     SlowTests.Corax.RavenDB_26091.CanChangeOrderOfTheNullsWhenSortingInt(options:  DatabaseMode = Single , SearchEngineMode = Corax, nullFirst: False, isAutoIndex: True, isAscending: True, forceSortUsingIndex: False) [FAIL]</Text>
      </RunInfo>
      <RunInfo computerName="97d806bf104e" outcome="Error" timestamp="2026-05-01T02:00:16.6363880+00:00">
        <Text>[xUnit.net 00:05:41.67]     SlowTests.Corax.RavenDB_26091.CanChangeOrderOfTheNullsWhenSortingInt(options:  DatabaseMode = Single , SearchEngineMode = Corax, nullFirst: False, isAutoIndex: True, isAscending: False, forceSortUsingIndex: True) [FAIL]</Text>
      </RunInfo>
      <RunInfo computerName="97d806bf104e" outcome="Error" timestamp="2026-05-01T02:00:17.3961654+00:00">
        <Text>[xUnit.net 00:05:42.43]     SlowTests.Corax.RavenDB_26091.CanChangeOrderOfTheNullsWhenSortingInt(options:  DatabaseMode = Single , SearchEngineMode = Corax, nullFirst: False, isAutoIndex: True, isAscending: False, forceSortUsingIndex: False) [FAIL]</Text>
      </RunInfo>
      <RunInfo computerName="97d806bf104e" outcome="Error" timestamp="2026-05-01T02:00:19.3605681+00:00">
        <Text>[xUnit.net 00:05:44.40]     SlowTests.Corax.RavenDB_26091.CanChangeOrderOfTheNullsWhenSortingInt(options:  DatabaseMode = Single , SearchEngineMode = Corax, nullFirst: False, isAutoIndex: False, isAscending: True, forceSortUsingIndex: True) [FAIL]</Text>
      </RunInfo>
      <RunInfo computerName="97d806bf104e" outcome="Error" timestamp="2026-05-01T02:00:19.9379194+00:00">
        <Text>[xUnit.net 00:05:44.97]     SlowTests.Corax.RavenDB_26091.CanChangeOrderOfTheNullsWhenSortingInt(options:  DatabaseMode = Single , SearchEngineMode = Corax, nullFirst: False, isAutoIndex: False, isAscending: True, forceSortUsingIndex: False) [FAIL]</Text>
      </RunInfo>
      <RunInfo computerName="97d806bf104e" outcome="Error" timestamp="2026-05-01T02:00:22.8287728+00:00">
        <Text>[xUnit.net 00:05:47.86]     SlowTests.Corax.RavenDB_26091.CanChangeOrderOfTheNullsWhenSortingInt(options:  DatabaseMode = Single , SearchEngineMode = Corax, nullFirst: False, isAutoIndex: False, isAscending: False, forceSortUsingIndex: True) [FAIL]</Text>
      </RunInfo>
      <RunInfo computerName="97d806bf104e" outcome="Error" timestamp="2026-05-01T02:00:23.4912646+00:00">
        <Text>[xUnit.net 00:05:48.52]     SlowTests.Corax.RavenDB_26091.CanChangeOrderOfTheNullsWhenSortingInt(options:  DatabaseMode = Single , SearchEngineMode = Corax, nullFirst: False, isAutoIndex: False, isAscending: False, forceSortUsingIndex: False) [FAIL]</Text>
      </RunInfo>
      <RunInfo computerName="97d806bf104e" outcome="Error" timestamp="2026-05-01T02:00:28.4682540+00:00">
        <Text>[xUnit.net 00:05:53.50]     SlowTests.Corax.RavenDB_26091.CanChangeOrderOfTheNullsWhenStreamingSortingString(options:  DatabaseMode = Single , SearchEngineMode = Corax, nullFirst: True, isAutoIndex: True, isAscending: True) [FAIL]</Text>
      </RunInfo>
      <RunInfo computerName="97d806bf104e" outcome="Error" timestamp="2026-05-01T02:00:32.0689658+00:00">
        <Text>[xUnit.net 00:05:57.10]     SlowTests.Corax.RavenDB_26091.CanChangeOrderOfTheNullsWhenStreamingSortingString(options:  DatabaseMode = Single , SearchEngineMode = Corax, nullFirst: True, isAutoIndex: True, isAscending: False) [FAIL]</Text>
      </RunInfo>
      <RunInfo computerName="97d806bf104e" outcome="Error" timestamp="2026-05-01T02:00:37.0743897+00:00">
        <Text>[xUnit.net 00:06:02.11]     SlowTests.Corax.RavenDB_26091.CanChangeOrderOfTheNullsWhenStreamingSortingString(options:  DatabaseMode = Single , SearchEngineMode = Corax, nullFirst: True, isAutoIndex: False, isAscending: True) [FAIL]</Text>
      </RunInfo>
      <RunInfo computerName="97d806bf104e" outcome="Error" timestamp="2026-05-01T02:00:41.2309704+00:00">
        <Text>[xUnit.net 00:06:06.27]     SlowTests.Corax.RavenDB_26091.CanChangeOrderOfTheNullsWhenStreamingSortingString(options:  DatabaseMode = Single , SearchEngineMode = Corax, nullFirst: True, isAutoIndex: False, isAscending: False) [FAIL]</Text>
      </RunInfo>
      <RunInfo computerName="97d806bf104e" outcome="Error" timestamp="2026-05-01T02:00:45.6856389+00:00">
        <Text>[xUnit.net 00:06:10.72]     SlowTests.Corax.RavenDB_26091.CanChangeOrderOfTheNullsWhenStreamingSortingString(options:  DatabaseMode = Single , SearchEngineMode = Corax, nullFirst: False, isAutoIndex: True, isAscending: True) [FAIL]</Text>
      </RunInfo>
      <RunInfo computerName="97d806bf104e" outcome="Error" timestamp="2026-05-01T02:00:49.1380043+00:00">
        <Text>[xUnit.net 00:06:14.17]     SlowTests.Corax.RavenDB_26091.CanChangeOrderOfTheNullsWhenStreamingSortingString(options:  DatabaseMode = Single , SearchEngineMode = Corax, nullFirst: False, isAutoIndex: True, isAscending: False) [FAIL]</Text>
      </RunInfo>
      <RunInfo computerName="97d806bf104e" outcome="Error" timestamp="2026-05-01T02:00:56.3287286+00:00">
        <Text>[xUnit.net 00:06:21.36]     SlowTests.Corax.RavenDB_26091.CanChangeOrderOfTheNullsWhenStreamingSortingString(options:  DatabaseMode = Single , SearchEngineMode = Corax, nullFirst: False, isAutoIndex: False, isAscending: True) [FAIL]</Text>
      </RunInfo>
      <RunInfo computerName="97d806bf104e" outcome="Error" timestamp="2026-05-01T02:01:02.0977683+00:00">
        <Text>[xUnit.net 00:06:27.13]     SlowTests.Corax.RavenDB_26091.CanChangeOrderOfTheNullsWhenStreamingSortingString(options:  DatabaseMode = Single , SearchEngineMode = Corax, nullFirst: False, isAutoIndex: False, isAscending: False) [FAIL]</Text>
      </RunInfo>
      <RunInfo computerName="97d806bf104e" outcome="Error" timestamp="2026-05-01T02:01:11.9373148+00:00">
        <Text>[xUnit.net 00:06:36.97]     SlowTests.Corax.RavenDB_22999.BackwardCompatibilityForOldLowercaseAnalyzer [FAIL]</Text>
      </RunInfo>
      <RunInfo computerName="97d806bf104e" outcome="Error" timestamp="2026-05-01T02:01:14.5635309+00:00">
        <Text>[xUnit.net 00:06:39.60]     SlowTests.Corax.RavenDB_22999.CaseInsensitiveStringComparisonTest(options:  DatabaseMode = Single , SearchEngineMode = Corax) [FAIL]</Text>
      </RunInfo>
      <RunInfo computerName="97d806bf104e" outcome="Error" timestamp="2026-05-01T02:01:16.4954450+00:00">
        <Text>[xUnit.net 00:06:41.53]     SlowTests.Corax.RavenDB_23050.MustAnalyzeFieldsOnUpdateInIndexCsharpStaticFields(options:  DatabaseMode = Single , SearchEngineMode = Corax) [FAIL]</Text>
      </RunInfo>
      <RunInfo computerName="97d806bf104e" outcome="Error" timestamp="2026-05-01T02:01:17.8859264+00:00">
        <Text>[xUnit.net 00:06:42.92]     SlowTests.Corax.RavenDB_23050.MustAnalyzeFieldsOnUpdateInIndexJsDynamicFields(options:  DatabaseMode = Single , SearchEngineMode = Corax) [FAIL]</Text>
      </RunInfo>
      <RunInfo computerName="97d806bf104e" outcome="Error" timestamp="2026-05-01T02:01:18.5343461+00:00">
        <Text>[xUnit.net 00:06:43.57]     SlowTests.Corax.RavenDB_23050.MustAnalyzeFieldsOnUpdateInIndexJsStaticFields(options:  DatabaseMode = Single , SearchEngineMode = Corax) [FAIL]</Text>
      </RunInfo>
      <RunInfo computerName="97d806bf104e" outcome="Error" timestamp="2026-05-01T02:01:20.0547420+00:00">
        <Text>[xUnit.net 00:06:45.09]     SlowTests.Corax.Bugs.RavenDB_21609.SortingWillReturnExactlySameResultsAndQueryWithoutSortingMatch(seed: 650027346) [FAIL]</Text>
      </RunInfo>
      <RunInfo computerName="97d806bf104e" outcome="Error" timestamp="2026-05-01T02:01:30.3084783+00:00">
        <Text>[xUnit.net 00:06:55.34]     SlowTests.Corax.Bugs.RavenDB_21609.SortingWillReturnExactlySameResultsAndQueryWithoutSortingMatch(seed: 2116002769) [FAIL]</Text>
      </RunInfo>
      <RunInfo computerName="97d806bf104e" outcome="Error" timestamp="2026-05-01T02:01:33.6342375+00:00">
        <Text>[xUnit.net 00:06:58.67]     SlowTests.Corax.Bugs.RavenDB_21609.SortingWillReturnExactlySameResultsAndQueryWithoutSortingMatch(seed: 218827642) [FAIL]</Text>
      </RunInfo>
      <RunInfo computerName="97d806bf104e" outcome="Error" timestamp="2026-05-01T02:01:40.5733867+00:00">
        <Text>[xUnit.net 00:07:05.61]     SlowTests.Corax.RavenDB_21818.ScoreAsBoxedComparer(type: AlphaNumeric) [FAIL]</Text>
      </RunInfo>
      <RunInfo computerName="97d806bf104e" outcome="Error" timestamp="2026-05-01T02:01:41.0082434+00:00">
        <Text>[xUnit.net 00:07:06.04]     SlowTests.Corax.RavenDB_21818.ScoreAsBoxedComparer(type: String) [FAIL]</Text>
      </RunInfo>
      <RunInfo computerName="97d806bf104e" outcome="Error" timestamp="2026-05-01T02:01:41.6806802+00:00">
        <Text>[xUnit.net 00:07:06.72]     SlowTests.Corax.RavenDB_21818.ScoreAsBoxedComparer(type: Long) [FAIL]</Text>
      </RunInfo>
      <RunInfo computerName="97d806bf104e" outcome="Error" timestamp="2026-05-01T02:01:41.8337569+00:00">
        <Text>[xUnit.net 00:07:06.87]     SlowTests.Corax.Bugs.RavenDB_21609.SortingWillReturnExactlySameResultsAndQueryWithoutSortingMatch(seed: 1635325874) [FAIL]</Text>
      </RunInfo>
      <RunInfo computerName="97d806bf104e" outcome="Error" timestamp="2026-05-01T02:01:58.6509401+00:00">
        <Text>[xUnit.net 00:07:23.69]     SlowTests.Corax.RavenDB_21818.ScoreAsSecondaryComparer(type: String) [FAIL]</Text>
      </RunInfo>
      <RunInfo computerName="97d806bf104e" outcome="Error" timestamp="2026-05-01T02:01:58.8999090+00:00">
        <Text>[xUnit.net 00:07:23.94]     SlowTests.Corax.RavenDB_21818.ScoreAsSecondaryComparer(type: AlphaNumeric) [FAIL]</Text>
      </RunInfo>
      <RunInfo computerName="97d806bf104e" outcome="Warning" timestamp="2026-05-01T02:02:08.9236420+00:00">
        <Text>[xUnit.net 00:07:33.96]     SlowTests.Corax.RavenDB_23453.FilterQueryAndWithMethodMultiVectorSearch(shouldScan: False, isExact: False, seed: 439949675) [SKIP]</Text>
      </RunInfo>
      <RunInfo computerName="97d806bf104e" outcome="Warning" timestamp="2026-05-01T02:02:35.2617716+00:00">
        <Text>[xUnit.net 00:08:00.30]     SlowTests.Corax.RavenDB_23453.FilterQueryAndWithMethodVectorSearch(shouldScan: False, isExact: False, seed: 1100048709) [SKIP]</Text>
      </RunInfo>
      <RunInfo computerName="97d806bf104e" outcome="Error" timestamp="2026-05-01T02:02:39.7621315+00:00">
        <Text>[xUnit.net 00:08:04.80]     SlowTests.Corax.RavenDB_21430.SearchComplexField [FAIL]</Text>
      </RunInfo>
      <RunInfo computerName="97d806bf104e" outcome="Error" timestamp="2026-05-01T02:03:53.2643607+00:00">
        <Text>[xUnit.net 00:09:18.30]     SlowTests.Corax.RavenDB_22953.StreamingQueryMustNotThrowIndexOutOfRangeException(options:  DatabaseMode = Single , SearchEngineMode = Corax) [FAIL]</Text>
      </RunInfo>
      <RunInfo computerName="97d806bf104e" outcome="Error" timestamp="2026-05-01T02:03:54.3905678+00:00">
        <Text>[xUnit.net 00:09:19.43]     SlowTests.Corax.RavenDB_23453_Integration.VectorAnd(disableScanning: False, isExact: True) [FAIL]</Text>
      </RunInfo>
      <RunInfo computerName="97d806bf104e" outcome="Error" timestamp="2026-05-01T02:03:54.7243348+00:00">
        <Text>[xUnit.net 00:09:19.76]     SlowTests.Corax.RavenDB_23453_Integration.VectorAnd(disableScanning: True, isExact: True) [FAIL]</Text>
      </RunInfo>
      <RunInfo computerName="97d806bf104e" outcome="Error" timestamp="2026-05-01T02:03:55.1771538+00:00">
        <Text>[xUnit.net 00:09:20.21]     SlowTests.Corax.RavenDB_23453_Integration.VectorAnd(disableScanning: False, isExact: False) [FAIL]</Text>
      </RunInfo>
      <RunInfo computerName="97d806bf104e" outcome="Error" timestamp="2026-05-01T02:03:56.7939021+00:00">
        <Text>[xUnit.net 00:09:21.83]     SlowTests.Corax.RavenDB_23453_Integration.VectorAnd(disableScanning: True, isExact: False) [FAIL]</Text>
      </RunInfo>
      <RunInfo computerName="97d806bf104e" outcome="Error" timestamp="2026-05-01T02:11:45.3102441+00:00">
        <Text>[xUnit.net 00:17:10.35]     SlowTests.Corax.RavenDB_18864.CanImportOldAutoMapDefinitionIntoCoraxAndGenerateProperMapping(options:  DatabaseMode = Single , SearchEngineMode = Corax) [FAIL]</Text>
      </RunInfo>
    </RunInfos>
  </ResultSummary>
</TestRun>